#
# A fatal error has been detected by the Java Runtime Environment:
#
#  EXCEPTION_ACCESS_VIOLATION (0xc0000005) at pc=0x000000006d1bf797, pid=2608, tid=0x0000000000004dec
#
# JRE version: Java(TM) SE Runtime Environment (8.0_181-b13) (build 1.8.0_181-b13)
# Java VM: Java HotSpot(TM) 64-Bit Server VM (25.181-b13 mixed mode windows-amd64 compressed oops)
# Problematic frame:
# V  [jvm.dll+0x13f797]
#
# Failed to write core dump. Minidumps are not enabled by default on client versions of Windows
#
# If you would like to submit a bug report, please visit:
#   http://bugreport.java.com/bugreport/crash.jsp
#

---------------  T H R E A D  ---------------

Current thread (0x0000000027295800):  JavaThread "HIDCommandExecutionQueue.executor pool-5-thread-1" daemon [_thread_in_vm, id=19948, stack(0x0000000034a80000,0x0000000034b80000)]

siginfo: ExceptionCode=0xc0000005, reading address 0x0000000000000000

Registers:
RAX=0x0000000000000000, RBX=0x0000000027295800, RCX=0x0000000000000580, RDX=0x00000000291408c0
RSP=0x0000000034b7e4a0, RBP=0x0000000000000000, RSI=0x00000000291408c0, RDI=0x0000000000000101
R8 =0x0000000000000000, R9 =0x0000000717813dd0, R10=0x0000000000000016, R11=0x000000006d894970
R12=0x0000000000000000, R13=0x00000000000002b1, R14=0x0000000000000158, R15=0x0000000027295800
RIP=0x000000006d1bf797, EFLAGS=0x0000000000010206

Top of Stack: (sp=0x0000000034b7e4a0)
0x0000000034b7e4a0:   0000c74d6039f56e 0000000000000000
0x0000000034b7e4b0:   00000000000001d8 00000000347bb340
0x0000000034b7e4c0:   00000000000001d8 0000000180001419
0x0000000034b7e4d0:   00000000000001e7 0000000034b7e610
0x0000000034b7e4e0:   00000000347bb340 00000000000001e7
0x0000000034b7e4f0:   0000000000000000 000000018000132e
0x0000000034b7e500:   0000000029147538 0000000000000000
0x0000000034b7e510:   00000000000001d8 0000000180002410
0x0000000034b7e520:   0000000000000000 00000001800012f8
0x0000000034b7e530:   00000000347bb340 000000006d1bdf39
0x0000000034b7e540:   0000000034b7e580 000000018000132e
0x0000000034b7e550:   0000000034b7e630 0000000034b7e638
0x0000000034b7e560:   00000000347b4d28 0000000002bd1c49
0x0000000034b7e570:   0000000000000790 0000000717343230
0x0000000034b7e580:   00000001800263e8 00000001800263e8
0x0000000034b7e590:   0000000717343230 0000000180002410 

Instructions: (pc=0x000000006d1bf797)
0x000000006d1bf777:   00 00 00 30 74 08 48 8b cb e8 1b 40 10 00 c7 83
0x000000006d1bf787:   70 02 00 00 06 00 00 00 40 b7 01 48 85 f6 74 60
0x000000006d1bf797:   48 8b 4d 00 40 32 ff e8 2d 99 f2 ff 48 8b d0 48
0x000000006d1bf7a7:   85 c0 74 4c 40 38 3d bf 41 6d 00 4c 8b 06 74 16 


Register to memory mapping:

RAX=0x0000000000000000 is an unknown value
RBX=0x0000000027295800 is a thread
RCX=0x0000000000000580 is an unknown value
RDX=0x00000000291408c0 is an unknown value
RSP=0x0000000034b7e4a0 is pointing into the stack for thread: 0x0000000027295800
RBP=0x0000000000000000 is an unknown value
RSI=0x00000000291408c0 is an unknown value
RDI=0x0000000000000101 is an unknown value
R8 =0x0000000000000000 is an unknown value
R9 =0x0000000717813dd0 is an oop
[Ljava.lang.Object; 
 - klass: 'java/lang/Object'[]
 - length: 5
R10=0x0000000000000016 is an unknown value
R11=0x000000006d894970 is an unknown value
R12=0x0000000000000000 is an unknown value
R13=0x00000000000002b1 is an unknown value
R14=0x0000000000000158 is an unknown value
R15=0x0000000027295800 is a thread


Stack: [0x0000000034a80000,0x0000000034b80000],  sp=0x0000000034b7e4a0,  free space=1017k
Native frames: (J=compiled Java code, j=interpreted, Vv=VM code, C=native code)

Java frames: (J=compiled Java code, j=interpreted, Vv=VM code)
J 859  com.sun.jna.Function.invokeInt(I[Ljava/lang/Object;)I (0 bytes) @ 0x0000000002d3d00f [0x0000000002d3cfc0+0x4f]
J 853 C1 com.sun.jna.Function.invoke([Ljava/lang/Object;Ljava/lang/Class;Z)Ljava/lang/Object; (1125 bytes) @ 0x0000000002d281f4 [0x0000000002d27ac0+0x734]
J 838 C1 com.sun.jna.Function.invoke(Ljava/lang/Class;[Ljava/lang/Object;Ljava/util/Map;)Ljava/lang/Object; (526 bytes) @ 0x0000000002d173ac [0x0000000002d16060+0x134c]
J 852 C1 com.sun.jna.Library$Handler.invoke(Ljava/lang/Object;Ljava/lang/reflect/Method;[Ljava/lang/Object;)Ljava/lang/Object; (345 bytes) @ 0x0000000002d2474c [0x0000000002d224c0+0x228c]
J 908 C1 com.sun.proxy.$Proxy2.WriteFile(Lcom/sun/jna/ptr/PointerByReference;[BILcom/sun/jna/ptr/IntByReference;Lcom/sun/jna/ptr/IntByReference;)Z (62 bytes) @ 0x0000000002d72d5c [0x0000000002d72420+0x93c]
J 875 C1 edu.cmu.ri.createlab.usb.hid.windows.WindowsHIDDevice.write([B)Ledu/cmu/ri/createlab/usb/hid/HIDWriteStatus; (595 bytes) @ 0x0000000002d46f64 [0x0000000002d454e0+0x1a84]
j  edu.cmu.ri.createlab.usb.hid.CreateLabHIDCommandStrategy.execute(Ledu/cmu/ri/createlab/usb/hid/HIDDevice;)Ledu/cmu/ri/createlab/usb/hid/HIDCommandResponse;+15
j  edu.cmu.ri.createlab.usb.hid.CreateLabHIDCommandStrategy.execute(Ljava/lang/Object;)Ledu/cmu/ri/createlab/util/commandexecution/CommandResponse;+5
j  edu.cmu.ri.createlab.usb.hid.HIDCommand.call()Ledu/cmu/ri/createlab/usb/hid/HIDCommandResponse;+8
j  edu.cmu.ri.createlab.usb.hid.HIDCommand.call()Ljava/lang/Object;+1
J 903 C1 java.util.concurrent.FutureTask.run()V (126 bytes) @ 0x0000000002d6cf54 [0x0000000002d6cd00+0x254]
j  java.util.concurrent.ThreadPoolExecutor.runWorker(Ljava/util/concurrent/ThreadPoolExecutor$Worker;)V+95
j  java.util.concurrent.ThreadPoolExecutor$Worker.run()V+5
j  java.lang.Thread.run()V+11
v  ~StubRoutines::call_stub

---------------  P R O C E S S  ---------------

Java Threads: ( => current thread )
  0x00000000274be000 JavaThread "AWT-Shutdown" [_thread_blocked, id=5912, stack(0x0000000035080000,0x0000000035180000)]
  0x000000002729b800 JavaThread "Thread-3" daemon [_thread_in_native, id=11992, stack(0x0000000034e80000,0x0000000034f80000)]
  0x000000002729b000 JavaThread "JavaFX-Launcher" [_thread_blocked, id=21164, stack(0x0000000034b80000,0x0000000034c80000)]
=>0x0000000027295800 JavaThread "HIDCommandExecutionQueue.executor pool-5-thread-1" daemon [_thread_in_vm, id=19948, stack(0x0000000034a80000,0x0000000034b80000)]
  0x0000000027299800 JavaThread "FinchController.peerPingScheduler pool-6-thread-1" daemon [_thread_blocked, id=13904, stack(0x0000000034980000,0x0000000034a80000)]
  0x000000002913a800 JavaThread "BaseCreateLabDeviceConnectivityManager.executorService pool-1-thread-1" daemon [_thread_blocked, id=2828, stack(0x00000000345b0000,0x00000000346b0000)]
  0x0000000029138000 JavaThread "DatasetPlotter.executorService pool-4-thread-1" daemon [_thread_blocked, id=20844, stack(0x00000000344b0000,0x00000000345b0000)]
  0x0000000029135000 JavaThread "DatasetPlotter.executorService pool-3-thread-1" daemon [_thread_blocked, id=18188, stack(0x00000000343b0000,0x00000000344b0000)]
  0x0000000029134800 JavaThread "DatasetPlotter.executorService pool-2-thread-1" daemon [_thread_blocked, id=10956, stack(0x00000000342b0000,0x00000000343b0000)]
  0x00000000290ea800 JavaThread "Java2D Disposer" daemon [_thread_blocked, id=17776, stack(0x0000000032fc0000,0x00000000330c0000)]
  0x000000002902f000 JavaThread "Thread-2" daemon [_thread_in_native, id=15400, stack(0x0000000032b80000,0x0000000032c80000)]
  0x0000000028fa5000 JavaThread "JavaFX Application Thread" [_thread_blocked, id=20308, stack(0x000000002a410000,0x000000002a510000)]
  0x0000000028f9b000 JavaThread "Thread-1" daemon [_thread_blocked, id=13876, stack(0x000000002a310000,0x000000002a410000)]
  0x0000000027328000 JavaThread "Service Thread" daemon [_thread_blocked, id=6588, stack(0x0000000028cf0000,0x0000000028df0000)]
  0x0000000027298000 JavaThread "C1 CompilerThread3" daemon [_thread_blocked, id=5448, stack(0x0000000028bf0000,0x0000000028cf0000)]
  0x000000002729a000 JavaThread "C2 CompilerThread2" daemon [_thread_blocked, id=6428, stack(0x0000000028af0000,0x0000000028bf0000)]
  0x0000000027296800 JavaThread "C2 CompilerThread1" daemon [_thread_blocked, id=19940, stack(0x00000000289f0000,0x0000000028af0000)]
  0x000000002728e800 JavaThread "C2 CompilerThread0" daemon [_thread_blocked, id=12676, stack(0x00000000288f0000,0x00000000289f0000)]
  0x000000002728c000 JavaThread "Attach Listener" daemon [_thread_blocked, id=7644, stack(0x00000000287f0000,0x00000000288f0000)]
  0x0000000027289000 JavaThread "Signal Dispatcher" daemon [_thread_blocked, id=12372, stack(0x00000000286f0000,0x00000000287f0000)]
  0x0000000027283000 JavaThread "Finalizer" daemon [_thread_blocked, id=11680, stack(0x0000000028500000,0x0000000028600000)]
  0x0000000025bbc800 JavaThread "Reference Handler" daemon [_thread_blocked, id=14272, stack(0x0000000028400000,0x0000000028500000)]
  0x0000000000f2d800 JavaThread "main" [_thread_blocked, id=19732, stack(0x00000000026f0000,0x00000000027f0000)]

Other Threads:
  0x0000000025bb6800 VMThread [stack: 0x0000000028300000,0x0000000028400000] [id=21612]
  0x000000002735c000 WatcherThread [stack: 0x0000000028df0000,0x0000000028ef0000] [id=20004]

VM state:not at safepoint (normal execution)

VM Mutex/Monitor currently owned by a thread: None

Heap:
 PSYoungGen      total 153088K, used 55273K [0x0000000715b80000, 0x0000000720600000, 0x00000007c0000000)
  eden space 131584K, 42% used [0x0000000715b80000,0x000000071917a538,0x000000071dc00000)
  from space 21504K, 0% used [0x000000071f100000,0x000000071f100000,0x0000000720600000)
  to   space 21504K, 0% used [0x000000071dc00000,0x000000071dc00000,0x000000071f100000)
 ParOldGen       total 349696K, used 0K [0x00000005c1200000, 0x00000005d6780000, 0x0000000715b80000)
  object space 349696K, 0% used [0x00000005c1200000,0x00000005c1200000,0x00000005d6780000)
 Metaspace       used 12793K, capacity 13218K, committed 13568K, reserved 1060864K
  class space    used 1593K, capacity 1724K, committed 1792K, reserved 1048576K

Card table byte_map: [0x0000000011db0000,0x0000000012db0000] byte_map_base: 0x000000000efa7000

Marking Bits: (ParMarkBitMap*) 0x000000006d8a2d00
 Begin Bits: [0x0000000014260000, 0x000000001c218000)
 End Bits:   [0x000000001c218000, 0x00000000241d0000)

Polling page: 0x0000000000ed0000

CodeCache: size=245760Kb used=3601Kb max_used=3601Kb free=242158Kb
 bounds [0x00000000029f0000, 0x0000000002d80000, 0x00000000119f0000]
 total_blobs=1390 nmethods=913 adapters=390
 compilation: enabled

Compilation events (10 events):
Event: 6.151 Thread 0x0000000027298000  907   !   3       edu.cmu.ri.createlab.usb.hid.BaseHIDDevice::getCommandId (45 bytes)
Event: 6.151 Thread 0x0000000027298000 nmethod 907 0x0000000002d6dd10 code [0x0000000002d6de80, 0x0000000002d6e1d0]
Event: 6.151 Thread 0x0000000027298000  908   !   3       com.sun.proxy.$Proxy2::WriteFile (62 bytes)
Event: 6.152 Thread 0x0000000027298000 nmethod 908 0x0000000002d72210 code [0x0000000002d72420, 0x0000000002d731d8]
Event: 6.249 Thread 0x0000000027298000  909       3       java.util.concurrent.FutureTask::awaitDone (171 bytes)
Event: 6.249 Thread 0x0000000027298000 nmethod 909 0x0000000002d70b10 code [0x0000000002d70d60, 0x0000000002d71c08]
Event: 6.532 Thread 0x0000000027298000  911       3       com.sun.javafx.tk.quantum.QuantumToolkit::postPulse (148 bytes)
Event: 6.532 Thread 0x0000000027298000 nmethod 911 0x0000000002d73b50 code [0x0000000002d73ec0, 0x0000000002d75f58]
Event: 6.662 Thread 0x0000000027298000  913       3       java.util.concurrent.ThreadPoolExecutor$Worker::tryAcquire (20 bytes)
Event: 6.663 Thread 0x0000000027298000 nmethod 913 0x0000000002d6fc90 code [0x0000000002d6fe00, 0x0000000002d701b0]

GC Heap History (0 events):
No events

Deoptimization events (4 events):
Event: 0.387 Thread 0x0000000028fa5000 Uncommon trap: reason=unstable_if action=reinterpret pc=0x0000000002b95234 method=java.lang.String.replace(CC)Ljava/lang/String; @ 26
Event: 0.417 Thread 0x0000000028fa5000 Uncommon trap: reason=unstable_if action=reinterpret pc=0x0000000002bd3444 method=java.lang.String.indexOf([CII[CIII)I @ 134
Event: 0.505 Thread 0x0000000028fa5000 Uncommon trap: reason=unstable_if action=reinterpret pc=0x0000000002baf57c method=java.lang.String.startsWith(Ljava/lang/String;I)Z @ 25
Event: 6.662 Thread 0x0000000027295000 Uncommon trap: reason=unstable_if action=reinterpret pc=0x0000000002d70804 method=java.util.concurrent.locks.ReentrantLock$Sync.tryRelease(I)Z @ 28

Classes redefined (0 events):
No events

Internal exceptions (10 events):
Event: 0.439 Thread 0x0000000028fa5000 Exception <a 'java/lang/ClassNotFoundException': org/apache/log4j/AppenderSkeletonCustomizer> (0x00000007167c9b00) thrown at [C:\re\workspace\8-2-build-windows-amd64-cygwin\jdk8u181\11358\hotspot\src\share\vm\classfile\systemDictionary.cpp, line 210]
Event: 0.441 Thread 0x0000000028fa5000 Exception <a 'java/lang/ClassNotFoundException': org/apache/log4j/WriterAppenderCustomizer> (0x00000007167ea338) thrown at [C:\re\workspace\8-2-build-windows-amd64-cygwin\jdk8u181\11358\hotspot\src\share\vm\classfile\systemDictionary.cpp, line 210]
Event: 0.441 Thread 0x0000000028fa5000 Exception <a 'java/lang/ClassNotFoundException': org/apache/log4j/FileAppenderCustomizer> (0x00000007167fa6e0) thrown at [C:\re\workspace\8-2-build-windows-amd64-cygwin\jdk8u181\11358\hotspot\src\share\vm\classfile\systemDictionary.cpp, line 210]
Event: 0.445 Thread 0x0000000028fa5000 Exception <a 'java/lang/ClassNotFoundException': org/apache/log4j/PatternLayoutBeanInfo> (0x0000000716846420) thrown at [C:\re\workspace\8-2-build-windows-amd64-cygwin\jdk8u181\11358\hotspot\src\share\vm\classfile\systemDictionary.cpp, line 210]
Event: 0.445 Thread 0x0000000028fa5000 Exception <a 'java/lang/ClassNotFoundException': org/apache/log4j/LayoutBeanInfo> (0x00000007168494d8) thrown at [C:\re\workspace\8-2-build-windows-amd64-cygwin\jdk8u181\11358\hotspot\src\share\vm\classfile\systemDictionary.cpp, line 210]
Event: 0.446 Thread 0x0000000028fa5000 Exception <a 'java/lang/ClassNotFoundException': org/apache/log4j/LayoutCustomizer> (0x000000071684c5f8) thrown at [C:\re\workspace\8-2-build-windows-amd64-cygwin\jdk8u181\11358\hotspot\src\share\vm\classfile\systemDictionary.cpp, line 210]
Event: 0.446 Thread 0x0000000028fa5000 Exception <a 'java/lang/ClassNotFoundException': org/apache/log4j/PatternLayoutCustomizer> (0x0000000716854540) thrown at [C:\re\workspace\8-2-build-windows-amd64-cygwin\jdk8u181\11358\hotspot\src\share\vm\classfile\systemDictionary.cpp, line 210]
Event: 0.469 Thread 0x0000000028fa5000 Exception <a 'java/io/FileNotFoundException'> (0x0000000716e3c970) thrown at [C:\re\workspace\8-2-build-windows-amd64-cygwin\jdk8u181\11358\hotspot\src\share\vm\prims\jni.cpp, line 709]
Event: 0.502 Thread 0x0000000028fa5000 Exception <a 'java/io/FileNotFoundException'> (0x0000000716ea91c0) thrown at [C:\re\workspace\8-2-build-windows-amd64-cygwin\jdk8u181\11358\hotspot\src\share\vm\prims\jni.cpp, line 709]
Event: 6.663 Thread 0x0000000027295000 Exception <a 'java/lang/IllegalStateException'> (0x00000007189cac90) thrown at [C:\re\workspace\8-2-build-windows-amd64-cygwin\jdk8u181\11358\hotspot\src\share\vm\prims\jvm.cpp, line 1439]

Events (10 events):
Event: 6.663 loading class java/lang/ProcessBuilder
Event: 6.663 loading class java/lang/ProcessBuilder done
Event: 6.663 loading class java/lang/ProcessImpl
Event: 6.663 loading class java/lang/Process
Event: 6.663 loading class java/lang/Process done
Event: 6.663 loading class java/lang/ProcessImpl done
Event: 6.667 loading class java/lang/ProcessImpl$2
Event: 6.667 loading class java/lang/ProcessImpl$2 done
Event: 6.667 Thread 0x0000000027298800 Thread exited: 0x0000000027298800
Event: 6.674 Thread 0x0000000028f95000 Thread exited: 0x0000000028f95000


Dynamic libraries:
0x00007ff6d6510000 - 0x00007ff6d6547000 	C:\Program Files\Java\jre1.8.0_181\bin\javaw.exe
0x00007ffb72340000 - 0x00007ffb72521000 	C:\WINDOWS\SYSTEM32\ntdll.dll
0x00007ffb70020000 - 0x00007ffb700d2000 	C:\WINDOWS\System32\KERNEL32.DLL
0x00007ffb6f260000 - 0x00007ffb6f4d3000 	C:\WINDOWS\System32\KERNELBASE.dll
0x00007ffb71b20000 - 0x00007ffb71bc1000 	C:\WINDOWS\System32\ADVAPI32.dll
0x00007ffb6ff80000 - 0x00007ffb7001e000 	C:\WINDOWS\System32\msvcrt.dll
0x00007ffb702f0000 - 0x00007ffb7034b000 	C:\WINDOWS\System32\sechost.dll
0x00007ffb71cc0000 - 0x00007ffb71de4000 	C:\WINDOWS\System32\RPCRT4.dll
0x00007ffb6fb80000 - 0x00007ffb6fd10000 	C:\WINDOWS\System32\USER32.dll
0x00007ffb6e7c0000 - 0x00007ffb6e7e0000 	C:\WINDOWS\System32\win32u.dll
0x00007ffb722e0000 - 0x00007ffb72308000 	C:\WINDOWS\System32\GDI32.dll
0x00007ffb6e860000 - 0x00007ffb6e9f2000 	C:\WINDOWS\System32\gdi32full.dll
0x00007ffb6f6d0000 - 0x00007ffb6f76f000 	C:\WINDOWS\System32\msvcp_win.dll
0x00007ffb6ea00000 - 0x00007ffb6eafa000 	C:\WINDOWS\System32\ucrtbase.dll
0x00007ffb5cf80000 - 0x00007ffb5d1e9000 	C:\WINDOWS\WinSxS\amd64_microsoft.windows.common-controls_6595b64144ccf1df_6.0.17134.590_none_fb3d9bff3069e088\COMCTL32.dll
0x00007ffb6f7d0000 - 0x00007ffb6faf2000 	C:\WINDOWS\System32\combase.dll
0x00007ffb6e7e0000 - 0x00007ffb6e85a000 	C:\WINDOWS\System32\bcryptPrimitives.dll
0x00007ffb71820000 - 0x00007ffb7184d000 	C:\WINDOWS\System32\IMM32.DLL
0x000000006cee0000 - 0x000000006cfb2000 	C:\Program Files\Java\jre1.8.0_181\bin\msvcr100.dll
0x000000006d080000 - 0x000000006d922000 	C:\Program Files\Java\jre1.8.0_181\bin\server\jvm.dll
0x00007ffb71810000 - 0x00007ffb71818000 	C:\WINDOWS\System32\PSAPI.DLL
0x00007ffb5f8d0000 - 0x00007ffb5f8d9000 	C:\WINDOWS\SYSTEM32\WSOCK32.dll
0x00007ffb63560000 - 0x00007ffb63583000 	C:\WINDOWS\SYSTEM32\WINMM.dll
0x00007ffb684e0000 - 0x00007ffb684ea000 	C:\WINDOWS\SYSTEM32\VERSION.dll
0x00007ffb6fb10000 - 0x00007ffb6fb7c000 	C:\WINDOWS\System32\WS2_32.dll
0x00007ffb634e0000 - 0x00007ffb6350a000 	C:\WINDOWS\SYSTEM32\WINMMBASE.dll
0x00007ffb6eb00000 - 0x00007ffb6eb49000 	C:\WINDOWS\System32\cfgmgr32.dll
0x000000006f930000 - 0x000000006f93f000 	C:\Program Files\Java\jre1.8.0_181\bin\verify.dll
0x000000006d050000 - 0x000000006d079000 	C:\Program Files\Java\jre1.8.0_181\bin\java.dll
0x000000006f910000 - 0x000000006f926000 	C:\Program Files\Java\jre1.8.0_181\bin\zip.dll
0x00007ffb70350000 - 0x00007ffb71790000 	C:\WINDOWS\System32\SHELL32.dll
0x00007ffb700e0000 - 0x00007ffb70189000 	C:\WINDOWS\System32\shcore.dll
0x00007ffb6eb50000 - 0x00007ffb6f25d000 	C:\WINDOWS\System32\windows.storage.dll
0x00007ffb6feb0000 - 0x00007ffb6ff01000 	C:\WINDOWS\System32\shlwapi.dll
0x00007ffb6e6f0000 - 0x00007ffb6e701000 	C:\WINDOWS\System32\kernel.appcore.dll
0x00007ffb6e650000 - 0x00007ffb6e66f000 	C:\WINDOWS\System32\profapi.dll
0x00007ffb6e6a0000 - 0x00007ffb6e6ec000 	C:\WINDOWS\System32\powrprof.dll
0x00007ffb6e670000 - 0x00007ffb6e67a000 	C:\WINDOWS\System32\FLTLIB.DLL
0x0000000000f10000 - 0x0000000000f13000 	C:\Program Files\Java\jre1.8.0_181\bin\api-ms-win-core-console-l1-1-0.dll
0x0000000000f30000 - 0x0000000000f33000 	C:\Program Files\Java\jre1.8.0_181\bin\api-ms-win-core-datetime-l1-1-0.dll
0x0000000002890000 - 0x0000000002893000 	C:\Program Files\Java\jre1.8.0_181\bin\api-ms-win-core-debug-l1-1-0.dll
0x00000000028a0000 - 0x00000000028a3000 	C:\Program Files\Java\jre1.8.0_181\bin\api-ms-win-core-errorhandling-l1-1-0.dll
0x00000000028b0000 - 0x00000000028b4000 	C:\Program Files\Java\jre1.8.0_181\bin\api-ms-win-core-file-l1-1-0.dll
0x00000000028c0000 - 0x00000000028c3000 	C:\Program Files\Java\jre1.8.0_181\bin\api-ms-win-core-file-l1-2-0.dll
0x00000000028d0000 - 0x00000000028d3000 	C:\Program Files\Java\jre1.8.0_181\bin\api-ms-win-core-file-l2-1-0.dll
0x00000000296f0000 - 0x00000000296f3000 	C:\Program Files\Java\jre1.8.0_181\bin\api-ms-win-core-handle-l1-1-0.dll
0x0000000029700000 - 0x0000000029703000 	C:\Program Files\Java\jre1.8.0_181\bin\api-ms-win-core-heap-l1-1-0.dll
0x0000000029710000 - 0x0000000029713000 	C:\Program Files\Java\jre1.8.0_181\bin\api-ms-win-core-interlocked-l1-1-0.dll
0x0000000029720000 - 0x0000000029723000 	C:\Program Files\Java\jre1.8.0_181\bin\api-ms-win-core-libraryloader-l1-1-0.dll
0x0000000029730000 - 0x0000000029733000 	C:\Program Files\Java\jre1.8.0_181\bin\api-ms-win-core-localization-l1-2-0.dll
0x0000000029740000 - 0x0000000029743000 	C:\Program Files\Java\jre1.8.0_181\bin\api-ms-win-core-memory-l1-1-0.dll
0x0000000029750000 - 0x0000000029753000 	C:\Program Files\Java\jre1.8.0_181\bin\api-ms-win-core-namedpipe-l1-1-0.dll
0x0000000029760000 - 0x0000000029763000 	C:\Program Files\Java\jre1.8.0_181\bin\api-ms-win-core-processenvironment-l1-1-0.dll
0x0000000029770000 - 0x0000000029773000 	C:\Program Files\Java\jre1.8.0_181\bin\api-ms-win-core-processthreads-l1-1-0.dll
0x0000000029780000 - 0x0000000029783000 	C:\Program Files\Java\jre1.8.0_181\bin\api-ms-win-core-processthreads-l1-1-1.dll
0x0000000029790000 - 0x0000000029793000 	C:\Program Files\Java\jre1.8.0_181\bin\api-ms-win-core-profile-l1-1-0.dll
0x00000000297a0000 - 0x00000000297a3000 	C:\Program Files\Java\jre1.8.0_181\bin\api-ms-win-core-rtlsupport-l1-1-0.dll
0x00000000297b0000 - 0x00000000297b3000 	C:\Program Files\Java\jre1.8.0_181\bin\api-ms-win-core-string-l1-1-0.dll
0x00000000297c0000 - 0x00000000297c3000 	C:\Program Files\Java\jre1.8.0_181\bin\api-ms-win-core-synch-l1-1-0.dll
0x00000000297d0000 - 0x00000000297d3000 	C:\Program Files\Java\jre1.8.0_181\bin\api-ms-win-core-synch-l1-2-0.dll
0x00000000297e0000 - 0x00000000297e3000 	C:\Program Files\Java\jre1.8.0_181\bin\api-ms-win-core-sysinfo-l1-1-0.dll
0x00000000297f0000 - 0x00000000297f3000 	C:\Program Files\Java\jre1.8.0_181\bin\api-ms-win-core-timezone-l1-1-0.dll
0x0000000029800000 - 0x0000000029803000 	C:\Program Files\Java\jre1.8.0_181\bin\api-ms-win-core-util-l1-1-0.dll
0x0000000029810000 - 0x0000000029813000 	C:\Program Files\Java\jre1.8.0_181\bin\api-ms-win-crt-conio-l1-1-0.dll
0x0000000029820000 - 0x0000000029824000 	C:\Program Files\Java\jre1.8.0_181\bin\api-ms-win-crt-convert-l1-1-0.dll
0x0000000029830000 - 0x0000000029833000 	C:\Program Files\Java\jre1.8.0_181\bin\api-ms-win-crt-environment-l1-1-0.dll
0x0000000029840000 - 0x0000000029843000 	C:\Program Files\Java\jre1.8.0_181\bin\api-ms-win-crt-filesystem-l1-1-0.dll
0x0000000029850000 - 0x0000000029853000 	C:\Program Files\Java\jre1.8.0_181\bin\api-ms-win-crt-heap-l1-1-0.dll
0x0000000029860000 - 0x0000000029863000 	C:\Program Files\Java\jre1.8.0_181\bin\api-ms-win-crt-locale-l1-1-0.dll
0x0000000029870000 - 0x0000000029875000 	C:\Program Files\Java\jre1.8.0_181\bin\api-ms-win-crt-math-l1-1-0.dll
0x0000000029880000 - 0x0000000029885000 	C:\Program Files\Java\jre1.8.0_181\bin\api-ms-win-crt-multibyte-l1-1-0.dll
0x0000000029890000 - 0x00000000298a0000 	C:\Program Files\Java\jre1.8.0_181\bin\api-ms-win-crt-private-l1-1-0.dll
0x00000000298a0000 - 0x00000000298a3000 	C:\Program Files\Java\jre1.8.0_181\bin\api-ms-win-crt-process-l1-1-0.dll
0x00000000298b0000 - 0x00000000298b4000 	C:\Program Files\Java\jre1.8.0_181\bin\api-ms-win-crt-runtime-l1-1-0.dll
0x00000000298c0000 - 0x00000000298c4000 	C:\Program Files\Java\jre1.8.0_181\bin\api-ms-win-crt-stdio-l1-1-0.dll
0x00000000298d0000 - 0x00000000298d4000 	C:\Program Files\Java\jre1.8.0_181\bin\api-ms-win-crt-string-l1-1-0.dll
0x00000000298e0000 - 0x00000000298e3000 	C:\Program Files\Java\jre1.8.0_181\bin\api-ms-win-crt-time-l1-1-0.dll
0x00000000298f0000 - 0x00000000298f3000 	C:\Program Files\Java\jre1.8.0_181\bin\api-ms-win-crt-utility-l1-1-0.dll
0x00007ffb3f210000 - 0x00007ffb3f306000 	C:\Program Files\Java\jre1.8.0_181\bin\ucrtbase.dll
0x00007ffb67560000 - 0x00007ffb67576000 	C:\Program Files\Java\jre1.8.0_181\bin\vcruntime140.dll
0x00007ffb3eb20000 - 0x00007ffb3ebbc000 	C:\Program Files\Java\jre1.8.0_181\bin\msvcp140.dll
0x00007ffb56b10000 - 0x00007ffb56b61000 	C:\Program Files\Java\jre1.8.0_181\bin\concrt140.dll
0x000000006ceb0000 - 0x000000006ced3000 	C:\Program Files\Java\jre1.8.0_181\bin\prism_d3d.dll
0x00007ffb4e840000 - 0x00007ffb4e9d7000 	C:\WINDOWS\system32\d3d9.dll
0x00007ffb6ce40000 - 0x00007ffb6ce69000 	C:\WINDOWS\SYSTEM32\dwmapi.dll
0x00007ffb6cd10000 - 0x00007ffb6cda8000 	C:\WINDOWS\system32\uxtheme.dll
0x00007ffb6f4e0000 - 0x00007ffb6f6c2000 	C:\WINDOWS\System32\crypt32.dll
0x00007ffb6e680000 - 0x00007ffb6e692000 	C:\WINDOWS\System32\MSASN1.dll
0x00007ffb6f770000 - 0x00007ffb6f7c7000 	C:\WINDOWS\System32\WINTRUST.DLL
0x00007ffb71a30000 - 0x00007ffb71a4d000 	C:\WINDOWS\System32\imagehlp.dll
0x00007ffb6e080000 - 0x00007ffb6e097000 	C:\WINDOWS\SYSTEM32\CRYPTSP.dll
0x00007ffb6dab0000 - 0x00007ffb6dae3000 	C:\WINDOWS\system32\rsaenh.dll
0x00007ffb6e1b0000 - 0x00007ffb6e1d5000 	C:\WINDOWS\SYSTEM32\bcrypt.dll
0x00007ffb6e0a0000 - 0x00007ffb6e0ab000 	C:\WINDOWS\SYSTEM32\CRYPTBASE.dll
0x000000006ce60000 - 0x000000006cea9000 	C:\Program Files\Java\jre1.8.0_181\bin\glass.dll
0x00007ffb71bd0000 - 0x00007ffb71cbd000 	C:\WINDOWS\System32\COMDLG32.dll
0x00007ffb70190000 - 0x00007ffb702e1000 	C:\WINDOWS\System32\ole32.dll
0x00007ffb71a50000 - 0x00007ffb71b13000 	C:\WINDOWS\System32\OLEAUT32.dll
0x00007ffb718b0000 - 0x00007ffb71a23000 	C:\WINDOWS\System32\MSCTF.dll
0x00007ffb4ecd0000 - 0x00007ffb4ed94000 	C:\Program Files (x86)\NVIDIA Corporation\3D Vision\nvSCPAPI64.dll
0x00007ffb71df0000 - 0x00007ffb7223b000 	C:\WINDOWS\System32\SETUPAPI.dll
0x00007ffb1ca40000 - 0x00007ffb1cce7000 	C:\WINDOWS\system32\nvspcap64.dll
0x00007ffb64290000 - 0x00007ffb64459000 	C:\WINDOWS\SYSTEM32\dbghelp.dll
0x00007ffb5da00000 - 0x00007ffb5da29000 	C:\WINDOWS\SYSTEM32\dbgcore.DLL
0x00007ffb6d740000 - 0x00007ffb6d771000 	C:\WINDOWS\SYSTEM32\ntmarta.dll
0x00007ffb6d390000 - 0x00007ffb6d3b2000 	C:\WINDOWS\SYSTEM32\gpapi.dll
0x00007ffb67d00000 - 0x00007ffb67d2e000 	C:\WINDOWS\SYSTEM32\cryptnet.dll
0x000000006ccc0000 - 0x000000006ce59000 	C:\Program Files\Java\jre1.8.0_181\bin\awt.dll
0x00007ffb6c9e0000 - 0x00007ffb6ca6b000 	C:\WINDOWS\SYSTEM32\apphelp.dll
0x00007ffb6e580000 - 0x00007ffb6e5a8000 	C:\WINDOWS\SYSTEM32\USERENV.dll
0x000000006d030000 - 0x000000006d04a000 	C:\Program Files\Java\jre1.8.0_181\bin\net.dll
0x00007ffb6ded0000 - 0x00007ffb6df36000 	C:\WINDOWS\system32\mswsock.dll
0x00007ffb6dc50000 - 0x00007ffb6dc88000 	C:\WINDOWS\SYSTEM32\IPHLPAPI.DLL
0x00007ffb6fb00000 - 0x00007ffb6fb08000 	C:\WINDOWS\System32\NSI.dll
0x00007ffb68920000 - 0x00007ffb68936000 	C:\WINDOWS\SYSTEM32\dhcpcsvc6.DLL
0x00007ffb68870000 - 0x00007ffb6888a000 	C:\WINDOWS\SYSTEM32\dhcpcsvc.DLL
0x000000006d010000 - 0x000000006d021000 	C:\Program Files\Java\jre1.8.0_181\bin\nio.dll
0x0000000180000000 - 0x0000000180037000 	C:\Users\TOFI\AppData\Local\Temp\jna8510942741741818311.dll
0x00007ffb6d380000 - 0x00007ffb6d38c000 	C:\WINDOWS\SYSTEM32\hid.dll
0x00007ffb6e460000 - 0x00007ffb6e487000 	C:\WINDOWS\SYSTEM32\DEVOBJ.dll

VM Arguments:
jvm_args: -Dfile.encoding=Cp1252 
java_command: Main
java_class_path (initial): C:\Users\TOFI\git\Task2\Task-2\bin;C:\Users\TOFI\git\Task2\Task-2\src\finch.jar
Launcher Type: SUN_STANDARD

Environment Variables:
PATH=C:/Program Files/Java/jre1.8.0_181/bin/server;C:/Program Files/Java/jre1.8.0_181/bin;C:/Program Files/Java/jre1.8.0_181/lib/amd64;C:\Program Files (x86)\Common Files\Oracle\Java\javapath;C:\Windows\system32;C:\Windows;C:\Windows\System32\Wbem;C:\Windows\System32\WindowsPowerShell\v1.0\;C:\Program Files\dotnet\;C:\Program Files (x86)\NVIDIA Corporation\PhysX\Common;C:\WINDOWS\system32;C:\WINDOWS;C:\WINDOWS\System32\Wbem;C:\WINDOWS\System32\WindowsPowerShell\v1.0\;C:\WINDOWS\System32\OpenSSH\;C:\Program Files\NVIDIA Corporation\NVIDIA NvDLISR;C:\Users\TOFI\AppData\Local\Microsoft\WindowsApps;C:\Users\TOFI\AppData\Local\atom\bin;%USERPROFILE%\AppData\Local\Microsoft\WindowsApps;;C:\WINDOWS\system32;
USERNAME=TOFI
OS=Windows_NT
PROCESSOR_IDENTIFIER=Intel64 Family 6 Model 158 Stepping 10, GenuineIntel



---------------  S Y S T E M  ---------------

OS: Windows 10.0 , 64 bit Build 17134 (10.0.17134.556)

CPU:total 12 (initial active 12) (6 cores per cpu, 2 threads per core) family 6 model 158 stepping 10, cmov, cx8, fxsr, mmx, sse, sse2, sse3, ssse3, sse4.1, sse4.2, popcnt, avx, avx2, aes, clmul, erms, rtm, 3dnowpref, lzcnt, ht, tsc, tscinvbit, bmi1, bmi2, adx

Memory: 4k page, physical 33476848k(19296172k free), swap 39506160k(10062584k free)

vm_info: Java HotSpot(TM) 64-Bit Server VM (25.181-b13) for windows-amd64 JRE (1.8.0_181-b13), built on Jul  7 2018 04:01:33 by "java_re" with MS VC++ 10.0 (VS2010)

time: Mon Feb 18 23:32:30 2019
elapsed time: 6 seconds (0d 0h 0m 6s)

