#
# A fatal error has been detected by the Java Runtime Environment:
#
#  EXCEPTION_ACCESS_VIOLATION (0xc0000005) at pc=0x000000006d1bf797, pid=20608, tid=0x0000000000005328
#
# JRE version: Java(TM) SE Runtime Environment (8.0_181-b13) (build 1.8.0_181-b13)
# Java VM: Java HotSpot(TM) 64-Bit Server VM (25.181-b13 mixed mode windows-amd64 compressed oops)
# Problematic frame:
# V  [jvm.dll+0x13f797]
#
# Failed to write core dump. Minidumps are not enabled by default on client versions of Windows
#
# If you would like to submit a bug report, please visit:
#   http://bugreport.java.com/bugreport/crash.jsp
#

---------------  T H R E A D  ---------------

Current thread (0x0000000029b99000):  JavaThread "HIDCommandExecutionQueue.executor pool-5-thread-1" daemon [_thread_in_vm, id=21288, stack(0x0000000035320000,0x0000000035420000)]

siginfo: ExceptionCode=0xc0000005, reading address 0x0000000000000000

Registers:
RAX=0x0000000000000000, RBX=0x0000000029b99000, RCX=0x0000000000000900, RDX=0x0000000029ba9e50
RSP=0x000000003541e4a0, RBP=0x0000000000000000, RSI=0x0000000029ba9e50, RDI=0x0000000000000101
R8 =0x0000000000000000, R9 =0x00000007168dc4e8, R10=0x0000000000000054, R11=0x000000006d894970
R12=0x0000000000000000, R13=0x0000000000000201, R14=0x0000000000000158, R15=0x0000000029b99000
RIP=0x000000006d1bf797, EFLAGS=0x0000000000010206

Top of Stack: (sp=0x000000003541e4a0)
0x000000003541e4a0:   0000c77e4171b619 00000000351a9520
0x000000003541e4b0:   00000000000001d8 000000003507f348
0x000000003541e4c0:   00000000000001d8 0000000180001419
0x000000003541e4d0:   0000000000000137 000000003541e610
0x000000003541e4e0:   000000003507f348 0000000000000137
0x000000003541e4f0:   0000000000000000 000000018000132e
0x000000003541e500:   000000003541e6a0 0000000003441814
0x000000003541e510:   0000000000000000 0000000180002410
0x000000003541e520:   0000000000000000 00000001800012f8
0x000000003541e530:   0000000000000000 000000006d1bdf39
0x000000003541e540:   0000000000000000 0000000000000000
0x000000003541e550:   00000005c1603038 000000006d2be2b6
0x000000003541e560:   0000000035078bd0 0000000003447749
0x000000003541e570:   0000000000000790 00000005c1603550
0x000000003541e580:   00000000350733f0 000000003541e5f0
0x000000003541e590:   00000005c1603550 0000000180002410 

Instructions: (pc=0x000000006d1bf797)
0x000000006d1bf777:   00 00 00 30 74 08 48 8b cb e8 1b 40 10 00 c7 83
0x000000006d1bf787:   70 02 00 00 06 00 00 00 40 b7 01 48 85 f6 74 60
0x000000006d1bf797:   48 8b 4d 00 40 32 ff e8 2d 99 f2 ff 48 8b d0 48
0x000000006d1bf7a7:   85 c0 74 4c 40 38 3d bf 41 6d 00 4c 8b 06 74 16 


Register to memory mapping:

RAX=0x0000000000000000 is an unknown value
RBX=0x0000000029b99000 is a thread
RCX=0x0000000000000900 is an unknown value
RDX=0x0000000029ba9e50 is an unknown value
RSP=0x000000003541e4a0 is pointing into the stack for thread: 0x0000000029b99000
RBP=0x0000000000000000 is an unknown value
RSI=0x0000000029ba9e50 is an unknown value
RDI=0x0000000000000101 is an unknown value
R8 =0x0000000000000000 is an unknown value
R9 =0x00000007168dc4e8 is an oop
[Ljava.lang.Object; 
 - klass: 'java/lang/Object'[]
 - length: 5
R10=0x0000000000000054 is an unknown value
R11=0x000000006d894970 is an unknown value
R12=0x0000000000000000 is an unknown value
R13=0x0000000000000201 is an unknown value
R14=0x0000000000000158 is an unknown value
R15=0x0000000029b99000 is a thread


Stack: [0x0000000035320000,0x0000000035420000],  sp=0x000000003541e4a0,  free space=1017k
Native frames: (J=compiled Java code, j=interpreted, Vv=VM code, C=native code)

Java frames: (J=compiled Java code, j=interpreted, Vv=VM code)
J 862  com.sun.jna.Function.invokeInt(I[Ljava/lang/Object;)I (0 bytes) @ 0x00000000035acbcf [0x00000000035acb80+0x4f]
J 857 C1 com.sun.jna.Function.invoke([Ljava/lang/Object;Ljava/lang/Class;Z)Ljava/lang/Object; (1125 bytes) @ 0x00000000035986b4 [0x0000000003597f80+0x734]
J 842 C1 com.sun.jna.Function.invoke(Ljava/lang/Class;[Ljava/lang/Object;Ljava/util/Map;)Ljava/lang/Object; (526 bytes) @ 0x000000000358672c [0x00000000035853e0+0x134c]
j  com.sun.jna.Library$Handler.invoke(Ljava/lang/Object;Ljava/lang/reflect/Method;[Ljava/lang/Object;)Ljava/lang/Object;+341
j  com.sun.proxy.$Proxy2.WriteFile(Lcom/sun/jna/ptr/PointerByReference;[BILcom/sun/jna/ptr/IntByReference;Lcom/sun/jna/ptr/IntByReference;)Z+37
j  edu.cmu.ri.createlab.usb.hid.windows.WindowsHIDDevice.write([B)Ledu/cmu/ri/createlab/usb/hid/HIDWriteStatus;+207
j  edu.cmu.ri.createlab.usb.hid.CreateLabHIDCommandStrategy.execute(Ledu/cmu/ri/createlab/usb/hid/HIDDevice;)Ledu/cmu/ri/createlab/usb/hid/HIDCommandResponse;+15
j  edu.cmu.ri.createlab.usb.hid.CreateLabHIDCommandStrategy.execute(Ljava/lang/Object;)Ledu/cmu/ri/createlab/util/commandexecution/CommandResponse;+5
j  edu.cmu.ri.createlab.usb.hid.HIDCommand.call()Ledu/cmu/ri/createlab/usb/hid/HIDCommandResponse;+8
j  edu.cmu.ri.createlab.usb.hid.HIDCommand.call()Ljava/lang/Object;+1
J 887 C1 java.util.concurrent.FutureTask.run()V (126 bytes) @ 0x00000000035bd014 [0x00000000035bcdc0+0x254]
j  java.util.concurrent.ThreadPoolExecutor.runWorker(Ljava/util/concurrent/ThreadPoolExecutor$Worker;)V+95
j  java.util.concurrent.ThreadPoolExecutor$Worker.run()V+5
j  java.lang.Thread.run()V+11
v  ~StubRoutines::call_stub

---------------  P R O C E S S  ---------------

Java Threads: ( => current thread )
  0x0000000029b96000 JavaThread "AWT-Shutdown" [_thread_blocked, id=2192, stack(0x000000003c470000,0x000000003c570000)]
  0x0000000029b9d000 JavaThread "Thread-3" daemon [_thread_in_native, id=1116, stack(0x000000003c270000,0x000000003c370000)]
  0x0000000029b97800 JavaThread "DestroyJavaVM" [_thread_blocked, id=13464, stack(0x0000000003040000,0x0000000003140000)]
  0x0000000029b9a800 JavaThread "Prism Font Disposer" daemon [_thread_blocked, id=17020, stack(0x0000000038d20000,0x0000000038e20000)]
=>0x0000000029b99000 JavaThread "HIDCommandExecutionQueue.executor pool-5-thread-1" daemon [_thread_in_vm, id=21288, stack(0x0000000035320000,0x0000000035420000)]
  0x0000000029b97000 JavaThread "FinchController.peerPingScheduler pool-6-thread-1" daemon [_thread_blocked, id=2732, stack(0x0000000035220000,0x0000000035320000)]
  0x0000000029b95800 JavaThread "BaseCreateLabDeviceConnectivityManager.executorService pool-1-thread-1" daemon [_thread_blocked, id=2564, stack(0x0000000034e70000,0x0000000034f70000)]
  0x0000000029a0d800 JavaThread "DatasetPlotter.executorService pool-4-thread-1" daemon [_thread_blocked, id=16736, stack(0x0000000034d70000,0x0000000034e70000)]
  0x0000000029a0c000 JavaThread "DatasetPlotter.executorService pool-3-thread-1" daemon [_thread_blocked, id=9132, stack(0x0000000034c70000,0x0000000034d70000)]
  0x0000000029a0d000 JavaThread "DatasetPlotter.executorService pool-2-thread-1" daemon [_thread_blocked, id=21160, stack(0x0000000034b70000,0x0000000034c70000)]
  0x0000000029a0a800 JavaThread "Java2D Disposer" daemon [_thread_blocked, id=4592, stack(0x0000000033880000,0x0000000033980000)]
  0x0000000029a08800 JavaThread "Thread-2" daemon [_thread_in_native, id=19688, stack(0x0000000033440000,0x0000000033540000)]
  0x0000000029a07000 JavaThread "Thread-1" daemon [_thread_blocked, id=3440, stack(0x000000002ac10000,0x000000002ad10000)]
  0x0000000027c5a800 JavaThread "Service Thread" daemon [_thread_blocked, id=21576, stack(0x0000000029600000,0x0000000029700000)]
  0x0000000027bd8000 JavaThread "C1 CompilerThread3" daemon [_thread_blocked, id=19624, stack(0x0000000029500000,0x0000000029600000)]
  0x0000000027bd7000 JavaThread "C2 CompilerThread2" daemon [_thread_blocked, id=7912, stack(0x0000000029400000,0x0000000029500000)]
  0x0000000027bc4800 JavaThread "C2 CompilerThread1" daemon [_thread_blocked, id=18476, stack(0x0000000029300000,0x0000000029400000)]
  0x0000000027bbe800 JavaThread "C2 CompilerThread0" daemon [_thread_blocked, id=984, stack(0x0000000029200000,0x0000000029300000)]
  0x0000000027bbc000 JavaThread "Attach Listener" daemon [_thread_blocked, id=12440, stack(0x0000000029100000,0x0000000029200000)]
  0x0000000027bbb000 JavaThread "Signal Dispatcher" daemon [_thread_blocked, id=2336, stack(0x0000000029000000,0x0000000029100000)]
  0x0000000027bb3000 JavaThread "Finalizer" daemon [_thread_blocked, id=2688, stack(0x0000000028e10000,0x0000000028f10000)]
  0x00000000264cc800 JavaThread "Reference Handler" daemon [_thread_blocked, id=17844, stack(0x0000000028d10000,0x0000000028e10000)]

Other Threads:
  0x00000000264c7000 VMThread [stack: 0x0000000028c10000,0x0000000028d10000] [id=5048]
  0x0000000027c6e800 WatcherThread [stack: 0x0000000029700000,0x0000000029800000] [id=20380]

VM state:not at safepoint (normal execution)

VM Mutex/Monitor currently owned by a thread: None

Heap:
 PSYoungGen      total 153088K, used 25430K [0x0000000715b80000, 0x0000000720600000, 0x00000007c0000000)
  eden space 131584K, 19% used [0x0000000715b80000,0x0000000717455a30,0x000000071dc00000)
  from space 21504K, 0% used [0x000000071dc00000,0x000000071dc00000,0x000000071f100000)
  to   space 21504K, 0% used [0x000000071f100000,0x000000071f100000,0x0000000720600000)
 ParOldGen       total 143360K, used 11383K [0x00000005c1200000, 0x00000005c9e00000, 0x0000000715b80000)
  object space 143360K, 7% used [0x00000005c1200000,0x00000005c1d1dec0,0x00000005c9e00000)
 Metaspace       used 21058K, capacity 21758K, committed 21888K, reserved 1069056K
  class space    used 2923K, capacity 3106K, committed 3200K, reserved 1048576K

Card table byte_map: [0x0000000012620000,0x0000000013620000] byte_map_base: 0x000000000f817000

Marking Bits: (ParMarkBitMap*) 0x000000006d8a2d00
 Begin Bits: [0x0000000014ad0000, 0x000000001ca88000)
 End Bits:   [0x000000001ca88000, 0x0000000024a40000)

Polling page: 0x0000000001170000

CodeCache: size=245760Kb used=7070Kb max_used=7076Kb free=238689Kb
 bounds [0x0000000003260000, 0x0000000003950000, 0x0000000012260000]
 total_blobs=3035 nmethods=2309 adapters=638
 compilation: enabled

Compilation events (10 events):
Event: 36.088 Thread 0x0000000027bc4800 2305       4       java.util.WeakHashMap::size (18 bytes)
Event: 36.089 Thread 0x0000000027bc4800 nmethod 2305 0x000000000392f7d0 code [0x000000000392f920, 0x000000000392f9a8]
Event: 36.344 Thread 0x0000000027bbe800 2306       4       java.util.WeakHashMap$HashIterator::nextEntry (81 bytes)
Event: 36.345 Thread 0x0000000027bbe800 nmethod 2306 0x000000000392f490 code [0x000000000392f5e0, 0x000000000392f6d8]
Event: 36.578 Thread 0x0000000027bd8000 2307       3       java.util.concurrent.atomic.AtomicInteger::incrementAndGet (14 bytes)
Event: 36.578 Thread 0x0000000027bd8000 nmethod 2307 0x000000000392f190 code [0x000000000392f2e0, 0x000000000392f430]
Event: 36.582 Thread 0x0000000027bd8000 2308       3       java.lang.invoke.MethodType::changeReturnType (20 bytes)
Event: 36.583 Thread 0x0000000027bd8000 nmethod 2308 0x000000000394da10 code [0x000000000394db80, 0x000000000394de08]
Event: 36.587 Thread 0x0000000027bd8000 2309       3       java.lang.invoke.TypeConvertingMethodAdapter::descriptorToName (36 bytes)
Event: 36.587 Thread 0x0000000027bd8000 nmethod 2309 0x000000000394ce90 code [0x000000000394d040, 0x000000000394d768]

GC Heap History (4 events):
Event: 15.950 GC heap before
{Heap before GC invocations=1 (full 0):
 PSYoungGen      total 153088K, used 73480K [0x0000000715b80000, 0x0000000720600000, 0x00000007c0000000)
  eden space 131584K, 55% used [0x0000000715b80000,0x000000071a342350,0x000000071dc00000)
  from space 21504K, 0% used [0x000000071f100000,0x000000071f100000,0x0000000720600000)
  to   space 21504K, 0% used [0x000000071dc00000,0x000000071dc00000,0x000000071f100000)
 ParOldGen       total 349696K, used 0K [0x00000005c1200000, 0x00000005d6780000, 0x0000000715b80000)
  object space 349696K, 0% used [0x00000005c1200000,0x00000005c1200000,0x00000005d6780000)
 Metaspace       used 20595K, capacity 21184K, committed 21248K, reserved 1067008K
  class space    used 2893K, capacity 3053K, committed 3072K, reserved 1048576K
Event: 15.955 GC heap after
Heap after GC invocations=1 (full 0):
 PSYoungGen      total 153088K, used 13601K [0x0000000715b80000, 0x0000000720600000, 0x00000007c0000000)
  eden space 131584K, 0% used [0x0000000715b80000,0x0000000715b80000,0x000000071dc00000)
  from space 21504K, 63% used [0x000000071dc00000,0x000000071e948578,0x000000071f100000)
  to   space 21504K, 0% used [0x000000071f100000,0x000000071f100000,0x0000000720600000)
 ParOldGen       total 349696K, used 88K [0x00000005c1200000, 0x00000005d6780000, 0x0000000715b80000)
  object space 349696K, 0% used [0x00000005c1200000,0x00000005c1216010,0x00000005d6780000)
 Metaspace       used 20595K, capacity 21184K, committed 21248K, reserved 1067008K
  class space    used 2893K, capacity 3053K, committed 3072K, reserved 1048576K
}
Event: 15.955 GC heap before
{Heap before GC invocations=2 (full 1):
 PSYoungGen      total 153088K, used 13601K [0x0000000715b80000, 0x0000000720600000, 0x00000007c0000000)
  eden space 131584K, 0% used [0x0000000715b80000,0x0000000715b80000,0x000000071dc00000)
  from space 21504K, 63% used [0x000000071dc00000,0x000000071e948578,0x000000071f100000)
  to   space 21504K, 0% used [0x000000071f100000,0x000000071f100000,0x0000000720600000)
 ParOldGen       total 349696K, used 88K [0x00000005c1200000, 0x00000005d6780000, 0x0000000715b80000)
  object space 349696K, 0% used [0x00000005c1200000,0x00000005c1216010,0x00000005d6780000)
 Metaspace       used 20595K, capacity 21184K, committed 21248K, reserved 1067008K
  class space    used 2893K, capacity 3053K, committed 3072K, reserved 1048576K
Event: 15.972 GC heap after
Heap after GC invocations=2 (full 1):
 PSYoungGen      total 153088K, used 0K [0x0000000715b80000, 0x0000000720600000, 0x00000007c0000000)
  eden space 131584K, 0% used [0x0000000715b80000,0x0000000715b80000,0x000000071dc00000)
  from space 21504K, 0% used [0x000000071dc00000,0x000000071dc00000,0x000000071f100000)
  to   space 21504K, 0% used [0x000000071f100000,0x000000071f100000,0x0000000720600000)
 ParOldGen       total 143360K, used 11383K [0x00000005c1200000, 0x00000005c9e00000, 0x0000000715b80000)
  object space 143360K, 7% used [0x00000005c1200000,0x00000005c1d1dec0,0x00000005c9e00000)
 Metaspace       used 20595K, capacity 21184K, committed 21248K, reserved 1067008K
  class space    used 2893K, capacity 3053K, committed 3072K, reserved 1048576K
}

Deoptimization events (10 events):
Event: 34.041 Thread 0x0000000029a09000 Uncommon trap: reason=unstable_if action=reinterpret pc=0x0000000003600908 method=com.sun.javafx.image.impl.ByteBgra$ToByteBgraPreConv.doConvert([BII[BIIII)V @ 31
Event: 34.041 Thread 0x0000000029a09000 Uncommon trap: reason=unstable_if action=reinterpret pc=0x00000000036030bc method=com.sun.javafx.image.impl.BaseByteToByteConverter$FourByteReorderer.doConvert([BII[BIIII)V @ 31
Event: 34.044 Thread 0x0000000029a09000 Uncommon trap: reason=class_check action=maybe_recompile pc=0x00000000037f1d2c method=javafx.scene.Node.updateLocalToParentTransform()V @ 11
Event: 34.045 Thread 0x0000000029a09000 Uncommon trap: reason=class_check action=maybe_recompile pc=0x00000000037f1d2c method=javafx.scene.Node.updateLocalToParentTransform()V @ 11
Event: 34.045 Thread 0x0000000029a09000 Uncommon trap: reason=class_check action=maybe_recompile pc=0x00000000037f1d2c method=javafx.scene.Node.updateLocalToParentTransform()V @ 11
Event: 34.045 Thread 0x0000000029a09000 Uncommon trap: reason=class_check action=maybe_recompile pc=0x00000000037f1d2c method=javafx.scene.Node.updateLocalToParentTransform()V @ 11
Event: 36.587 Thread 0x0000000029a09000 Uncommon trap: reason=unstable_if action=reinterpret pc=0x000000000383a14c method=java.util.concurrent.locks.ReentrantLock$NonfairSync.lock()V @ 6
Event: 36.587 Thread 0x0000000029a09000 Uncommon trap: reason=unstable_if action=reinterpret pc=0x000000000379c798 method=java.util.concurrent.locks.ReentrantLock$Sync.nonfairTryAcquire(I)Z @ 10
Event: 36.587 Thread 0x0000000029a09000 Uncommon trap: reason=unstable_if action=reinterpret pc=0x00000000037f9478 method=java.util.concurrent.locks.ReentrantLock$Sync.tryRelease(I)Z @ 28
Event: 36.587 Thread 0x00000000299e1800 Uncommon trap: reason=unstable_if action=reinterpret pc=0x000000000386e150 method=java.util.concurrent.ThreadPoolExecutor.getTask()Ljava/lang/Runnable; @ 16

Classes redefined (0 events):
No events

Internal exceptions (10 events):
Event: 3.043 Thread 0x0000000029a09000 Exception <a 'java/io/FileNotFoundException'> (0x000000071958d3b8) thrown at [C:\re\workspace\8-2-build-windows-amd64-cygwin\jdk8u181\11358\hotspot\src\share\vm\prims\jni.cpp, line 709]
Event: 3.045 Thread 0x0000000029a09000 Exception <a 'java/io/FileNotFoundException'> (0x000000071959a6f0) thrown at [C:\re\workspace\8-2-build-windows-amd64-cygwin\jdk8u181\11358\hotspot\src\share\vm\prims\jni.cpp, line 709]
Event: 3.045 Thread 0x0000000029a09000 Exception <a 'java/io/FileNotFoundException'> (0x000000071959b9a8) thrown at [C:\re\workspace\8-2-build-windows-amd64-cygwin\jdk8u181\11358\hotspot\src\share\vm\prims\jni.cpp, line 709]
Event: 3.047 Thread 0x0000000029a09000 Exception <a 'java/io/FileNotFoundException'> (0x00000007195ac4b8) thrown at [C:\re\workspace\8-2-build-windows-amd64-cygwin\jdk8u181\11358\hotspot\src\share\vm\prims\jni.cpp, line 709]
Event: 3.050 Thread 0x0000000029a09000 Exception <a 'java/io/FileNotFoundException'> (0x00000007195bddd8) thrown at [C:\re\workspace\8-2-build-windows-amd64-cygwin\jdk8u181\11358\hotspot\src\share\vm\prims\jni.cpp, line 709]
Event: 3.050 Thread 0x0000000029a09000 Exception <a 'java/io/FileNotFoundException'> (0x00000007195c11a8) thrown at [C:\re\workspace\8-2-build-windows-amd64-cygwin\jdk8u181\11358\hotspot\src\share\vm\prims\jni.cpp, line 709]
Event: 3.051 Thread 0x0000000029a09000 Exception <a 'java/io/FileNotFoundException'> (0x00000007195c43c8) thrown at [C:\re\workspace\8-2-build-windows-amd64-cygwin\jdk8u181\11358\hotspot\src\share\vm\prims\jni.cpp, line 709]
Event: 3.053 Thread 0x0000000029a09000 Exception <a 'java/io/FileNotFoundException'> (0x00000007195d5ca0) thrown at [C:\re\workspace\8-2-build-windows-amd64-cygwin\jdk8u181\11358\hotspot\src\share\vm\prims\jni.cpp, line 709]
Event: 3.072 Thread 0x0000000029a09000 Implicit null exception at 0x0000000003653bb5 to 0x0000000003653de5
Event: 3.072 Thread 0x0000000029a09000 Implicit null exception at 0x000000000366ff7b to 0x000000000367044d

Events (10 events):
Event: 36.591 Thread 0x0000000029a0b800 Thread exited: 0x0000000029a0b800
Event: 36.591 loading class java/lang/ProcessBuilder done
Event: 36.591 loading class java/lang/ProcessImpl
Event: 36.592 loading class java/lang/Process
Event: 36.592 loading class java/lang/Process done
Event: 36.592 loading class java/lang/ProcessImpl done
Event: 36.597 loading class java/lang/ProcessImpl$2
Event: 36.597 loading class java/lang/ProcessImpl$2 done
Event: 36.597 Thread 0x0000000029b98800 Thread exited: 0x0000000029b98800
Event: 36.601 Thread 0x00000000299e1800 Thread exited: 0x00000000299e1800


Dynamic libraries:
0x00007ff6d6510000 - 0x00007ff6d6547000 	C:\Program Files\Java\jre1.8.0_181\bin\javaw.exe
0x00007ffb72340000 - 0x00007ffb72521000 	C:\WINDOWS\SYSTEM32\ntdll.dll
0x00007ffb70020000 - 0x00007ffb700d2000 	C:\WINDOWS\System32\KERNEL32.DLL
0x00007ffb6f260000 - 0x00007ffb6f4d3000 	C:\WINDOWS\System32\KERNELBASE.dll
0x00007ffb71b20000 - 0x00007ffb71bc1000 	C:\WINDOWS\System32\ADVAPI32.dll
0x00007ffb6ff80000 - 0x00007ffb7001e000 	C:\WINDOWS\System32\msvcrt.dll
0x00007ffb702f0000 - 0x00007ffb7034b000 	C:\WINDOWS\System32\sechost.dll
0x00007ffb71cc0000 - 0x00007ffb71de4000 	C:\WINDOWS\System32\RPCRT4.dll
0x00007ffb6fb80000 - 0x00007ffb6fd10000 	C:\WINDOWS\System32\USER32.dll
0x00007ffb6e7c0000 - 0x00007ffb6e7e0000 	C:\WINDOWS\System32\win32u.dll
0x00007ffb722e0000 - 0x00007ffb72308000 	C:\WINDOWS\System32\GDI32.dll
0x00007ffb6e860000 - 0x00007ffb6e9f2000 	C:\WINDOWS\System32\gdi32full.dll
0x00007ffb6f6d0000 - 0x00007ffb6f76f000 	C:\WINDOWS\System32\msvcp_win.dll
0x00007ffb6ea00000 - 0x00007ffb6eafa000 	C:\WINDOWS\System32\ucrtbase.dll
0x00007ffb5cf80000 - 0x00007ffb5d1e9000 	C:\WINDOWS\WinSxS\amd64_microsoft.windows.common-controls_6595b64144ccf1df_6.0.17134.590_none_fb3d9bff3069e088\COMCTL32.dll
0x00007ffb6f7d0000 - 0x00007ffb6faf2000 	C:\WINDOWS\System32\combase.dll
0x00007ffb6e7e0000 - 0x00007ffb6e85a000 	C:\WINDOWS\System32\bcryptPrimitives.dll
0x00007ffb71820000 - 0x00007ffb7184d000 	C:\WINDOWS\System32\IMM32.DLL
0x000000006cee0000 - 0x000000006cfb2000 	C:\Program Files\Java\jre1.8.0_181\bin\msvcr100.dll
0x000000006d080000 - 0x000000006d922000 	C:\Program Files\Java\jre1.8.0_181\bin\server\jvm.dll
0x00007ffb71810000 - 0x00007ffb71818000 	C:\WINDOWS\System32\PSAPI.DLL
0x00007ffb5f8d0000 - 0x00007ffb5f8d9000 	C:\WINDOWS\SYSTEM32\WSOCK32.dll
0x00007ffb684e0000 - 0x00007ffb684ea000 	C:\WINDOWS\SYSTEM32\VERSION.dll
0x00007ffb63560000 - 0x00007ffb63583000 	C:\WINDOWS\SYSTEM32\WINMM.dll
0x00007ffb6fb10000 - 0x00007ffb6fb7c000 	C:\WINDOWS\System32\WS2_32.dll
0x00007ffb634e0000 - 0x00007ffb6350a000 	C:\WINDOWS\SYSTEM32\winmmbase.dll
0x00007ffb6eb00000 - 0x00007ffb6eb49000 	C:\WINDOWS\System32\cfgmgr32.dll
0x000000006f930000 - 0x000000006f93f000 	C:\Program Files\Java\jre1.8.0_181\bin\verify.dll
0x000000006d050000 - 0x000000006d079000 	C:\Program Files\Java\jre1.8.0_181\bin\java.dll
0x000000006f910000 - 0x000000006f926000 	C:\Program Files\Java\jre1.8.0_181\bin\zip.dll
0x00007ffb70350000 - 0x00007ffb71790000 	C:\WINDOWS\System32\SHELL32.dll
0x00007ffb700e0000 - 0x00007ffb70189000 	C:\WINDOWS\System32\shcore.dll
0x00007ffb6eb50000 - 0x00007ffb6f25d000 	C:\WINDOWS\System32\windows.storage.dll
0x00007ffb6feb0000 - 0x00007ffb6ff01000 	C:\WINDOWS\System32\shlwapi.dll
0x00007ffb6e6f0000 - 0x00007ffb6e701000 	C:\WINDOWS\System32\kernel.appcore.dll
0x00007ffb6e650000 - 0x00007ffb6e66f000 	C:\WINDOWS\System32\profapi.dll
0x00007ffb6e6a0000 - 0x00007ffb6e6ec000 	C:\WINDOWS\System32\powrprof.dll
0x00007ffb6e670000 - 0x00007ffb6e67a000 	C:\WINDOWS\System32\FLTLIB.DLL
0x00000000011b0000 - 0x00000000011b3000 	C:\Program Files\Java\jre1.8.0_181\bin\api-ms-win-core-console-l1-1-0.dll
0x0000000001690000 - 0x0000000001693000 	C:\Program Files\Java\jre1.8.0_181\bin\api-ms-win-core-datetime-l1-1-0.dll
0x00000000016a0000 - 0x00000000016a3000 	C:\Program Files\Java\jre1.8.0_181\bin\api-ms-win-core-debug-l1-1-0.dll
0x00000000016b0000 - 0x00000000016b3000 	C:\Program Files\Java\jre1.8.0_181\bin\api-ms-win-core-errorhandling-l1-1-0.dll
0x00000000016c0000 - 0x00000000016c4000 	C:\Program Files\Java\jre1.8.0_181\bin\api-ms-win-core-file-l1-1-0.dll
0x00000000016d0000 - 0x00000000016d3000 	C:\Program Files\Java\jre1.8.0_181\bin\api-ms-win-core-file-l1-2-0.dll
0x0000000002f00000 - 0x0000000002f03000 	C:\Program Files\Java\jre1.8.0_181\bin\api-ms-win-core-file-l2-1-0.dll
0x0000000002f10000 - 0x0000000002f13000 	C:\Program Files\Java\jre1.8.0_181\bin\api-ms-win-core-handle-l1-1-0.dll
0x0000000002f20000 - 0x0000000002f23000 	C:\Program Files\Java\jre1.8.0_181\bin\api-ms-win-core-heap-l1-1-0.dll
0x0000000002f30000 - 0x0000000002f33000 	C:\Program Files\Java\jre1.8.0_181\bin\api-ms-win-core-interlocked-l1-1-0.dll
0x0000000002f40000 - 0x0000000002f43000 	C:\Program Files\Java\jre1.8.0_181\bin\api-ms-win-core-libraryloader-l1-1-0.dll
0x0000000003140000 - 0x0000000003143000 	C:\Program Files\Java\jre1.8.0_181\bin\api-ms-win-core-localization-l1-2-0.dll
0x0000000029800000 - 0x0000000029803000 	C:\Program Files\Java\jre1.8.0_181\bin\api-ms-win-core-memory-l1-1-0.dll
0x0000000029810000 - 0x0000000029813000 	C:\Program Files\Java\jre1.8.0_181\bin\api-ms-win-core-namedpipe-l1-1-0.dll
0x0000000029820000 - 0x0000000029823000 	C:\Program Files\Java\jre1.8.0_181\bin\api-ms-win-core-processenvironment-l1-1-0.dll
0x0000000029830000 - 0x0000000029833000 	C:\Program Files\Java\jre1.8.0_181\bin\api-ms-win-core-processthreads-l1-1-0.dll
0x0000000029840000 - 0x0000000029843000 	C:\Program Files\Java\jre1.8.0_181\bin\api-ms-win-core-processthreads-l1-1-1.dll
0x0000000029850000 - 0x0000000029853000 	C:\Program Files\Java\jre1.8.0_181\bin\api-ms-win-core-profile-l1-1-0.dll
0x0000000029860000 - 0x0000000029863000 	C:\Program Files\Java\jre1.8.0_181\bin\api-ms-win-core-rtlsupport-l1-1-0.dll
0x0000000029870000 - 0x0000000029873000 	C:\Program Files\Java\jre1.8.0_181\bin\api-ms-win-core-string-l1-1-0.dll
0x0000000029880000 - 0x0000000029883000 	C:\Program Files\Java\jre1.8.0_181\bin\api-ms-win-core-synch-l1-1-0.dll
0x0000000029890000 - 0x0000000029893000 	C:\Program Files\Java\jre1.8.0_181\bin\api-ms-win-core-synch-l1-2-0.dll
0x00000000298a0000 - 0x00000000298a3000 	C:\Program Files\Java\jre1.8.0_181\bin\api-ms-win-core-sysinfo-l1-1-0.dll
0x00000000298b0000 - 0x00000000298b3000 	C:\Program Files\Java\jre1.8.0_181\bin\api-ms-win-core-timezone-l1-1-0.dll
0x00000000298c0000 - 0x00000000298c3000 	C:\Program Files\Java\jre1.8.0_181\bin\api-ms-win-core-util-l1-1-0.dll
0x00000000298d0000 - 0x00000000298d3000 	C:\Program Files\Java\jre1.8.0_181\bin\api-ms-win-crt-conio-l1-1-0.dll
0x00000000298e0000 - 0x00000000298e4000 	C:\Program Files\Java\jre1.8.0_181\bin\api-ms-win-crt-convert-l1-1-0.dll
0x00000000298f0000 - 0x00000000298f3000 	C:\Program Files\Java\jre1.8.0_181\bin\api-ms-win-crt-environment-l1-1-0.dll
0x0000000029900000 - 0x0000000029903000 	C:\Program Files\Java\jre1.8.0_181\bin\api-ms-win-crt-filesystem-l1-1-0.dll
0x0000000029910000 - 0x0000000029913000 	C:\Program Files\Java\jre1.8.0_181\bin\api-ms-win-crt-heap-l1-1-0.dll
0x0000000029920000 - 0x0000000029923000 	C:\Program Files\Java\jre1.8.0_181\bin\api-ms-win-crt-locale-l1-1-0.dll
0x0000000029930000 - 0x0000000029935000 	C:\Program Files\Java\jre1.8.0_181\bin\api-ms-win-crt-math-l1-1-0.dll
0x0000000029940000 - 0x0000000029945000 	C:\Program Files\Java\jre1.8.0_181\bin\api-ms-win-crt-multibyte-l1-1-0.dll
0x0000000029950000 - 0x0000000029960000 	C:\Program Files\Java\jre1.8.0_181\bin\api-ms-win-crt-private-l1-1-0.dll
0x0000000029960000 - 0x0000000029963000 	C:\Program Files\Java\jre1.8.0_181\bin\api-ms-win-crt-process-l1-1-0.dll
0x0000000029970000 - 0x0000000029974000 	C:\Program Files\Java\jre1.8.0_181\bin\api-ms-win-crt-runtime-l1-1-0.dll
0x0000000029980000 - 0x0000000029984000 	C:\Program Files\Java\jre1.8.0_181\bin\api-ms-win-crt-stdio-l1-1-0.dll
0x0000000029990000 - 0x0000000029994000 	C:\Program Files\Java\jre1.8.0_181\bin\api-ms-win-crt-string-l1-1-0.dll
0x00000000299a0000 - 0x00000000299a3000 	C:\Program Files\Java\jre1.8.0_181\bin\api-ms-win-crt-time-l1-1-0.dll
0x00000000299b0000 - 0x00000000299b3000 	C:\Program Files\Java\jre1.8.0_181\bin\api-ms-win-crt-utility-l1-1-0.dll
0x00007ffb3f210000 - 0x00007ffb3f306000 	C:\Program Files\Java\jre1.8.0_181\bin\ucrtbase.dll
0x00007ffb65cf0000 - 0x00007ffb65d06000 	C:\Program Files\Java\jre1.8.0_181\bin\vcruntime140.dll
0x00007ffb3f0a0000 - 0x00007ffb3f13c000 	C:\Program Files\Java\jre1.8.0_181\bin\msvcp140.dll
0x00007ffb57950000 - 0x00007ffb579a1000 	C:\Program Files\Java\jre1.8.0_181\bin\concrt140.dll
0x000000006ceb0000 - 0x000000006ced3000 	C:\Program Files\Java\jre1.8.0_181\bin\prism_d3d.dll
0x00007ffb4e840000 - 0x00007ffb4e9d7000 	C:\WINDOWS\system32\d3d9.dll
0x00007ffb6ce40000 - 0x00007ffb6ce69000 	C:\WINDOWS\SYSTEM32\dwmapi.dll
0x00007ffb6cd10000 - 0x00007ffb6cda8000 	C:\WINDOWS\system32\uxtheme.dll
0x00007ffb6f4e0000 - 0x00007ffb6f6c2000 	C:\WINDOWS\System32\crypt32.dll
0x00007ffb6e680000 - 0x00007ffb6e692000 	C:\WINDOWS\System32\MSASN1.dll
0x00007ffb6f770000 - 0x00007ffb6f7c7000 	C:\WINDOWS\System32\WINTRUST.DLL
0x00007ffb71a30000 - 0x00007ffb71a4d000 	C:\WINDOWS\System32\imagehlp.dll
0x00007ffb6e080000 - 0x00007ffb6e097000 	C:\WINDOWS\SYSTEM32\CRYPTSP.dll
0x00007ffb6dab0000 - 0x00007ffb6dae3000 	C:\WINDOWS\system32\rsaenh.dll
0x00007ffb6e1b0000 - 0x00007ffb6e1d5000 	C:\WINDOWS\SYSTEM32\bcrypt.dll
0x00007ffb6e0a0000 - 0x00007ffb6e0ab000 	C:\WINDOWS\SYSTEM32\CRYPTBASE.dll
0x000000006ce60000 - 0x000000006cea9000 	C:\Program Files\Java\jre1.8.0_181\bin\glass.dll
0x00007ffb71bd0000 - 0x00007ffb71cbd000 	C:\WINDOWS\System32\COMDLG32.dll
0x00007ffb70190000 - 0x00007ffb702e1000 	C:\WINDOWS\System32\ole32.dll
0x00007ffb71a50000 - 0x00007ffb71b13000 	C:\WINDOWS\System32\OLEAUT32.dll
0x00007ffb718b0000 - 0x00007ffb71a23000 	C:\WINDOWS\System32\MSCTF.dll
0x00007ffb4ecd0000 - 0x00007ffb4ed94000 	C:\Program Files (x86)\NVIDIA Corporation\3D Vision\nvSCPAPI64.dll
0x00007ffb71df0000 - 0x00007ffb7223b000 	C:\WINDOWS\System32\SETUPAPI.dll
0x00007ffb1ca40000 - 0x00007ffb1cce7000 	C:\WINDOWS\system32\nvspcap64.dll
0x00007ffb64290000 - 0x00007ffb64459000 	C:\WINDOWS\SYSTEM32\dbghelp.dll
0x00007ffb5da00000 - 0x00007ffb5da29000 	C:\WINDOWS\SYSTEM32\dbgcore.DLL
0x00007ffb6d740000 - 0x00007ffb6d771000 	C:\WINDOWS\SYSTEM32\ntmarta.dll
0x00007ffb6d390000 - 0x00007ffb6d3b2000 	C:\WINDOWS\SYSTEM32\gpapi.dll
0x00007ffb67d00000 - 0x00007ffb67d2e000 	C:\WINDOWS\SYSTEM32\cryptnet.dll
0x000000006ccc0000 - 0x000000006ce59000 	C:\Program Files\Java\jre1.8.0_181\bin\awt.dll
0x00007ffb6c9e0000 - 0x00007ffb6ca6b000 	C:\WINDOWS\SYSTEM32\apphelp.dll
0x00007ffb6e580000 - 0x00007ffb6e5a8000 	C:\WINDOWS\SYSTEM32\USERENV.dll
0x000000006d030000 - 0x000000006d04a000 	C:\Program Files\Java\jre1.8.0_181\bin\net.dll
0x00007ffb6ded0000 - 0x00007ffb6df36000 	C:\WINDOWS\system32\mswsock.dll
0x00007ffb6dc50000 - 0x00007ffb6dc88000 	C:\WINDOWS\SYSTEM32\IPHLPAPI.DLL
0x00007ffb6fb00000 - 0x00007ffb6fb08000 	C:\WINDOWS\System32\NSI.dll
0x00007ffb68920000 - 0x00007ffb68936000 	C:\WINDOWS\SYSTEM32\dhcpcsvc6.DLL
0x00007ffb68870000 - 0x00007ffb6888a000 	C:\WINDOWS\SYSTEM32\dhcpcsvc.DLL
0x000000006d010000 - 0x000000006d021000 	C:\Program Files\Java\jre1.8.0_181\bin\nio.dll
0x0000000180000000 - 0x0000000180037000 	C:\Users\TOFI\AppData\Local\Temp\jna6616676140298250484.dll
0x00007ffb6d380000 - 0x00007ffb6d38c000 	C:\WINDOWS\SYSTEM32\hid.dll
0x00007ffb6e460000 - 0x00007ffb6e487000 	C:\WINDOWS\SYSTEM32\DEVOBJ.dll
0x000000006cca0000 - 0x000000006ccb4000 	C:\Program Files\Java\jre1.8.0_181\bin\javafx_font.dll
0x00007ffb49150000 - 0x00007ffb4946c000 	C:\WINDOWS\SYSTEM32\dwrite.dll
0x00007ffb72240000 - 0x00007ffb722e0000 	C:\WINDOWS\System32\clbcatq.dll
0x00007ffb62de0000 - 0x00007ffb62f8e000 	C:\WINDOWS\SYSTEM32\WindowsCodecs.dll
0x00007ffb4c0a0000 - 0x00007ffb4c136000 	C:\WINDOWS\System32\TextInputFramework.dll
0x00007ffb514f0000 - 0x00007ffb5180e000 	C:\WINDOWS\System32\CoreUIComponents.dll
0x00007ffb6c7d0000 - 0x00007ffb6c8aa000 	C:\WINDOWS\System32\CoreMessaging.dll
0x00007ffb6ac10000 - 0x00007ffb6ad5d000 	C:\WINDOWS\SYSTEM32\wintypes.dll

VM Arguments:
jvm_args: -Dfile.encoding=Cp1252 
java_command: Main
java_class_path (initial): C:\Users\TOFI\git\Task2\Task-2\bin;C:\Users\TOFI\git\Task2\Task-2\src\finch.jar
Launcher Type: SUN_STANDARD

Environment Variables:
PATH=C:/Program Files/Java/jre1.8.0_181/bin/server;C:/Program Files/Java/jre1.8.0_181/bin;C:/Program Files/Java/jre1.8.0_181/lib/amd64;C:\Program Files (x86)\Common Files\Oracle\Java\javapath;C:\Windows\system32;C:\Windows;C:\Windows\System32\Wbem;C:\Windows\System32\WindowsPowerShell\v1.0\;C:\Program Files\dotnet\;C:\Program Files (x86)\NVIDIA Corporation\PhysX\Common;C:\WINDOWS\system32;C:\WINDOWS;C:\WINDOWS\System32\Wbem;C:\WINDOWS\System32\WindowsPowerShell\v1.0\;C:\WINDOWS\System32\OpenSSH\;C:\Program Files\NVIDIA Corporation\NVIDIA NvDLISR;C:\Users\TOFI\AppData\Local\Microsoft\WindowsApps;C:\Users\TOFI\AppData\Local\atom\bin;%USERPROFILE%\AppData\Local\Microsoft\WindowsApps;;C:\WINDOWS\system32;
USERNAME=TOFI
OS=Windows_NT
PROCESSOR_IDENTIFIER=Intel64 Family 6 Model 158 Stepping 10, GenuineIntel



---------------  S Y S T E M  ---------------

OS: Windows 10.0 , 64 bit Build 17134 (10.0.17134.556)

CPU:total 12 (initial active 12) (6 cores per cpu, 2 threads per core) family 6 model 158 stepping 10, cmov, cx8, fxsr, mmx, sse, sse2, sse3, ssse3, sse4.1, sse4.2, popcnt, avx, avx2, aes, clmul, erms, rtm, 3dnowpref, lzcnt, ht, tsc, tscinvbit, bmi1, bmi2, adx

Memory: 4k page, physical 33476848k(19463512k free), swap 39506160k(13017544k free)

vm_info: Java HotSpot(TM) 64-Bit Server VM (25.181-b13) for windows-amd64 JRE (1.8.0_181-b13), built on Jul  7 2018 04:01:33 by "java_re" with MS VC++ 10.0 (VS2010)

time: Mon Feb 18 21:57:48 2019
elapsed time: 36 seconds (0d 0h 0m 36s)

