#
# A fatal error has been detected by the Java Runtime Environment:
#
#  EXCEPTION_ACCESS_VIOLATION (0xc0000005) at pc=0x000000006d1bf797, pid=20876, tid=0x00000000000023ac
#
# JRE version: Java(TM) SE Runtime Environment (8.0_181-b13) (build 1.8.0_181-b13)
# Java VM: Java HotSpot(TM) 64-Bit Server VM (25.181-b13 mixed mode windows-amd64 compressed oops)
# Problematic frame:
# V  [jvm.dll+0x13f797]
#
# Failed to write core dump. Minidumps are not enabled by default on client versions of Windows
#
# If you would like to submit a bug report, please visit:
#   http://bugreport.java.com/bugreport/crash.jsp
#

---------------  T H R E A D  ---------------

Current thread (0x00000000297ab000):  JavaThread "HIDCommandExecutionQueue.executor pool-5-thread-1" daemon [_thread_in_vm, id=9132, stack(0x00000000350c0000,0x00000000351c0000)]

siginfo: ExceptionCode=0xc0000005, reading address 0x0000000000000000

Registers:
RAX=0x0000000000000000, RBX=0x00000000297ab000, RCX=0x0000000000000b00, RDX=0x00000000297b1800
RSP=0x00000000351be350, RBP=0x0000000000000000, RSI=0x00000000297b1800, RDI=0x0000000000000101
R8 =0x0000000000000000, R9 =0x0000000716c0c2c0, R10=0x0000000000000034, R11=0x000000006d894970
R12=0x0000000000000000, R13=0x00000000000001ed, R14=0x0000000000000158, R15=0x00000000297ab000
RIP=0x000000006d1bf797, EFLAGS=0x0000000000010206

Top of Stack: (sp=0x00000000351be350)
0x00000000351be350:   0000c77c446b3822 0000000000000000
0x00000000351be360:   00000000000001d8 0000000034daf348
0x00000000351be370:   00000000000001d8 0000000180001419
0x00000000351be380:   0000000000000123 00000000351be4c0
0x00000000351be390:   0000000034daf348 0000000000000123
0x00000000351be3a0:   0000000000000000 000000018000132e
0x00000000351be3b0:   00000000351be550 0000000003224314
0x00000000351be3c0:   00000000297ab000 0000000180002410
0x00000000351be3d0:   0000000000000000 00000001800012f8
0x00000000351be3e0:   0000000100000000 000000006d1bdf39
0x00000000351be3f0:   00000000351bea30 0000000025b259c0
0x00000000351be400:   00000000297ab000 00000000351becf0
0x00000000351be410:   0000000034da8bd0 0000000003228e49
0x00000000351be420:   0000000000000790 00000005c12032b8
0x00000000351be430:   00000000351becf0 0000004200000001
0x00000000351be440:   00000005c12032b8 0000000180002410 

Instructions: (pc=0x000000006d1bf797)
0x000000006d1bf777:   00 00 00 30 74 08 48 8b cb e8 1b 40 10 00 c7 83
0x000000006d1bf787:   70 02 00 00 06 00 00 00 40 b7 01 48 85 f6 74 60
0x000000006d1bf797:   48 8b 4d 00 40 32 ff e8 2d 99 f2 ff 48 8b d0 48
0x000000006d1bf7a7:   85 c0 74 4c 40 38 3d bf 41 6d 00 4c 8b 06 74 16 


Register to memory mapping:

RAX=0x0000000000000000 is an unknown value
RBX=0x00000000297ab000 is a thread
RCX=0x0000000000000b00 is an unknown value
RDX=0x00000000297b1800 is an unknown value
RSP=0x00000000351be350 is pointing into the stack for thread: 0x00000000297ab000
RBP=0x0000000000000000 is an unknown value
RSI=0x00000000297b1800 is an unknown value
RDI=0x0000000000000101 is an unknown value
R8 =0x0000000000000000 is an unknown value
R9 =0x0000000716c0c2c0 is an oop
[Ljava.lang.Object; 
 - klass: 'java/lang/Object'[]
 - length: 5
R10=0x0000000000000034 is an unknown value
R11=0x000000006d894970 is an unknown value
R12=0x0000000000000000 is an unknown value
R13=0x00000000000001ed is an unknown value
R14=0x0000000000000158 is an unknown value
R15=0x00000000297ab000 is a thread


Stack: [0x00000000350c0000,0x00000000351c0000],  sp=0x00000000351be350,  free space=1016k
Native frames: (J=compiled Java code, j=interpreted, Vv=VM code, C=native code)

Java frames: (J=compiled Java code, j=interpreted, Vv=VM code)
J 864  com.sun.jna.Function.invokeInt(I[Ljava/lang/Object;)I (0 bytes) @ 0x000000000338d78f [0x000000000338d740+0x4f]
J 859 C1 com.sun.jna.Function.invoke([Ljava/lang/Object;Ljava/lang/Class;Z)Ljava/lang/Object; (1125 bytes) @ 0x0000000003379274 [0x0000000003378b40+0x734]
J 837 C1 com.sun.jna.Function.invoke(Ljava/lang/Class;[Ljava/lang/Object;Ljava/util/Map;)Ljava/lang/Object; (526 bytes) @ 0x0000000003362f6c [0x0000000003361c20+0x134c]
j  com.sun.jna.Library$Handler.invoke(Ljava/lang/Object;Ljava/lang/reflect/Method;[Ljava/lang/Object;)Ljava/lang/Object;+341
j  com.sun.proxy.$Proxy2.WriteFile(Lcom/sun/jna/ptr/PointerByReference;[BILcom/sun/jna/ptr/IntByReference;Lcom/sun/jna/ptr/IntByReference;)Z+37
j  edu.cmu.ri.createlab.usb.hid.windows.WindowsHIDDevice.write([B)Ledu/cmu/ri/createlab/usb/hid/HIDWriteStatus;+207
j  edu.cmu.ri.createlab.usb.hid.CreateLabHIDCommandStrategy.execute(Ledu/cmu/ri/createlab/usb/hid/HIDDevice;)Ledu/cmu/ri/createlab/usb/hid/HIDCommandResponse;+15
j  edu.cmu.ri.createlab.usb.hid.CreateLabHIDCommandStrategy.execute(Ljava/lang/Object;)Ledu/cmu/ri/createlab/util/commandexecution/CommandResponse;+5
j  edu.cmu.ri.createlab.usb.hid.HIDCommand.call()Ledu/cmu/ri/createlab/usb/hid/HIDCommandResponse;+8
j  edu.cmu.ri.createlab.usb.hid.HIDCommand.call()Ljava/lang/Object;+1
J 894 C1 java.util.concurrent.FutureTask.run()V (126 bytes) @ 0x000000000339ef54 [0x000000000339ed00+0x254]
j  java.util.concurrent.ThreadPoolExecutor.runWorker(Ljava/util/concurrent/ThreadPoolExecutor$Worker;)V+95
j  java.util.concurrent.ThreadPoolExecutor$Worker.run()V+5
j  java.lang.Thread.run()V+11
v  ~StubRoutines::call_stub

---------------  P R O C E S S  ---------------

Java Threads: ( => current thread )
  0x00000000297b0000 JavaThread "AWT-Shutdown" [_thread_blocked, id=9120, stack(0x000000003c1b0000,0x000000003c2b0000)]
  0x00000000297ae000 JavaThread "Thread-3" daemon [_thread_in_native, id=16736, stack(0x000000003bfb0000,0x000000003c0b0000)]
  0x00000000297ac800 JavaThread "DestroyJavaVM" [_thread_blocked, id=21748, stack(0x0000000002d50000,0x0000000002e50000)]
  0x00000000297af800 JavaThread "Prism Font Disposer" daemon [_thread_blocked, id=264, stack(0x0000000038a50000,0x0000000038b50000)]
=>0x00000000297ab000 JavaThread "HIDCommandExecutionQueue.executor pool-5-thread-1" daemon [_thread_in_vm, id=9132, stack(0x00000000350c0000,0x00000000351c0000)]
  0x00000000297aa000 JavaThread "FinchController.peerPingScheduler pool-6-thread-1" daemon [_thread_blocked, id=22004, stack(0x0000000034fc0000,0x00000000350c0000)]
  0x00000000297a9800 JavaThread "BaseCreateLabDeviceConnectivityManager.executorService pool-1-thread-1" daemon [_thread_blocked, id=7540, stack(0x0000000034ba0000,0x0000000034ca0000)]
  0x0000000029752000 JavaThread "DatasetPlotter.executorService pool-4-thread-1" daemon [_thread_blocked, id=6316, stack(0x0000000034aa0000,0x0000000034ba0000)]
  0x000000002974f800 JavaThread "DatasetPlotter.executorService pool-3-thread-1" daemon [_thread_blocked, id=11880, stack(0x00000000349a0000,0x0000000034aa0000)]
  0x000000002974e800 JavaThread "DatasetPlotter.executorService pool-2-thread-1" daemon [_thread_blocked, id=20592, stack(0x00000000348a0000,0x00000000349a0000)]
  0x0000000029748000 JavaThread "Java2D Disposer" daemon [_thread_blocked, id=15324, stack(0x00000000335b0000,0x00000000336b0000)]
  0x00000000296a7000 JavaThread "Thread-2" daemon [_thread_in_native, id=6432, stack(0x0000000033170000,0x0000000033270000)]
  0x00000000295fa800 JavaThread "Thread-1" daemon [_thread_blocked, id=20244, stack(0x000000002a8f0000,0x000000002a9f0000)]
  0x000000002798a000 JavaThread "Service Thread" daemon [_thread_blocked, id=21816, stack(0x0000000029330000,0x0000000029430000)]
  0x0000000027906800 JavaThread "C1 CompilerThread3" daemon [_thread_blocked, id=236, stack(0x0000000029230000,0x0000000029330000)]
  0x0000000027905800 JavaThread "C2 CompilerThread2" daemon [_thread_blocked, id=20820, stack(0x0000000029130000,0x0000000029230000)]
  0x00000000278f8000 JavaThread "C2 CompilerThread1" daemon [_thread_blocked, id=12896, stack(0x0000000029030000,0x0000000029130000)]
  0x00000000278f1000 JavaThread "C2 CompilerThread0" daemon [_thread_blocked, id=21912, stack(0x0000000028f30000,0x0000000029030000)]
  0x00000000278ea000 JavaThread "Attach Listener" daemon [_thread_blocked, id=10120, stack(0x0000000028e30000,0x0000000028f30000)]
  0x00000000278e9000 JavaThread "Signal Dispatcher" daemon [_thread_blocked, id=5300, stack(0x0000000028d30000,0x0000000028e30000)]
  0x00000000278e3000 JavaThread "Finalizer" daemon [_thread_blocked, id=19964, stack(0x0000000028b40000,0x0000000028c40000)]
  0x0000000003039000 JavaThread "Reference Handler" daemon [_thread_blocked, id=3736, stack(0x0000000028a40000,0x0000000028b40000)]

Other Threads:
  0x0000000026206800 VMThread [stack: 0x0000000028940000,0x0000000028a40000] [id=21440]
  0x00000000279b6000 WatcherThread [stack: 0x0000000029430000,0x0000000029530000] [id=22432]

VM state:not at safepoint (normal execution)

VM Mutex/Monitor currently owned by a thread: None

Heap:
 PSYoungGen      total 153088K, used 23652K [0x0000000715b80000, 0x0000000720600000, 0x00000007c0000000)
  eden space 131584K, 17% used [0x0000000715b80000,0x00000007172992e0,0x000000071dc00000)
  from space 21504K, 0% used [0x000000071dc00000,0x000000071dc00000,0x000000071f100000)
  to   space 21504K, 0% used [0x000000071f100000,0x000000071f100000,0x0000000720600000)
 ParOldGen       total 143360K, used 11390K [0x00000005c1200000, 0x00000005c9e00000, 0x0000000715b80000)
  object space 143360K, 7% used [0x00000005c1200000,0x00000005c1d1f928,0x00000005c9e00000)
 Metaspace       used 20855K, capacity 21582K, committed 21888K, reserved 1069056K
  class space    used 2904K, capacity 3096K, committed 3200K, reserved 1048576K

Card table byte_map: [0x0000000012400000,0x0000000013400000] byte_map_base: 0x000000000f5f7000

Marking Bits: (ParMarkBitMap*) 0x000000006d8a2d00
 Begin Bits: [0x00000000148b0000, 0x000000001c868000)
 End Bits:   [0x000000001c868000, 0x0000000024820000)

Polling page: 0x0000000000e40000

CodeCache: size=245760Kb used=6466Kb max_used=6478Kb free=239293Kb
 bounds [0x0000000003040000, 0x00000000036a0000, 0x0000000012040000]
 total_blobs=2794 nmethods=2080 adapters=626
 compilation: enabled

Compilation events (10 events):
Event: 15.772 Thread 0x0000000027905800 2076       4       java.util.concurrent.locks.ReentrantLock$NonfairSync::lock (25 bytes)
Event: 15.772 Thread 0x0000000027905800 nmethod 2076 0x000000000362f110 code [0x000000000362f240, 0x000000000362f2f8]
Event: 16.408 Thread 0x00000000278f8000 2077   !   4       java.util.concurrent.locks.AbstractQueuedSynchronizer::fullyRelease (54 bytes)
Event: 16.410 Thread 0x00000000278f8000 nmethod 2077 0x00000000036942d0 code [0x0000000003694420, 0x0000000003694628]
Event: 16.650 Thread 0x0000000027906800 2078       3       java.lang.invoke.MethodType::changeReturnType (20 bytes)
Event: 16.650 Thread 0x0000000027906800 nmethod 2078 0x0000000003693e50 code [0x0000000003693fc0, 0x0000000003694248]
Event: 16.650 Thread 0x0000000027906800 2079       3       java.util.LinkedList$ListItr::hasNext (20 bytes)
Event: 16.651 Thread 0x0000000027906800 nmethod 2079 0x0000000003693a90 code [0x0000000003693be0, 0x0000000003693db0]
Event: 16.680 Thread 0x00000000278f1000 2080   !   4       java.util.concurrent.locks.AbstractQueuedSynchronizer::acquireQueued (93 bytes)
Event: 16.681 Thread 0x00000000278f1000 nmethod 2080 0x0000000003693550 code [0x00000000036936a0, 0x0000000003693878]

GC Heap History (4 events):
Event: 10.740 GC heap before
{Heap before GC invocations=1 (full 0):
 PSYoungGen      total 153088K, used 73475K [0x0000000715b80000, 0x0000000720600000, 0x00000007c0000000)
  eden space 131584K, 55% used [0x0000000715b80000,0x000000071a340c60,0x000000071dc00000)
  from space 21504K, 0% used [0x000000071f100000,0x000000071f100000,0x0000000720600000)
  to   space 21504K, 0% used [0x000000071dc00000,0x000000071dc00000,0x000000071f100000)
 ParOldGen       total 349696K, used 0K [0x00000005c1200000, 0x00000005d6780000, 0x0000000715b80000)
  object space 349696K, 0% used [0x00000005c1200000,0x00000005c1200000,0x00000005d6780000)
 Metaspace       used 20551K, capacity 21176K, committed 21248K, reserved 1067008K
  class space    used 2886K, capacity 3053K, committed 3072K, reserved 1048576K
Event: 10.746 GC heap after
Heap after GC invocations=1 (full 0):
 PSYoungGen      total 153088K, used 13570K [0x0000000715b80000, 0x0000000720600000, 0x00000007c0000000)
  eden space 131584K, 0% used [0x0000000715b80000,0x0000000715b80000,0x000000071dc00000)
  from space 21504K, 63% used [0x000000071dc00000,0x000000071e940bd0,0x000000071f100000)
  to   space 21504K, 0% used [0x000000071f100000,0x000000071f100000,0x0000000720600000)
 ParOldGen       total 349696K, used 88K [0x00000005c1200000, 0x00000005d6780000, 0x0000000715b80000)
  object space 349696K, 0% used [0x00000005c1200000,0x00000005c1216010,0x00000005d6780000)
 Metaspace       used 20551K, capacity 21176K, committed 21248K, reserved 1067008K
  class space    used 2886K, capacity 3053K, committed 3072K, reserved 1048576K
}
Event: 10.746 GC heap before
{Heap before GC invocations=2 (full 1):
 PSYoungGen      total 153088K, used 13570K [0x0000000715b80000, 0x0000000720600000, 0x00000007c0000000)
  eden space 131584K, 0% used [0x0000000715b80000,0x0000000715b80000,0x000000071dc00000)
  from space 21504K, 63% used [0x000000071dc00000,0x000000071e940bd0,0x000000071f100000)
  to   space 21504K, 0% used [0x000000071f100000,0x000000071f100000,0x0000000720600000)
 ParOldGen       total 349696K, used 88K [0x00000005c1200000, 0x00000005d6780000, 0x0000000715b80000)
  object space 349696K, 0% used [0x00000005c1200000,0x00000005c1216010,0x00000005d6780000)
 Metaspace       used 20551K, capacity 21176K, committed 21248K, reserved 1067008K
  class space    used 2886K, capacity 3053K, committed 3072K, reserved 1048576K
Event: 10.761 GC heap after
Heap after GC invocations=2 (full 1):
 PSYoungGen      total 153088K, used 0K [0x0000000715b80000, 0x0000000720600000, 0x00000007c0000000)
  eden space 131584K, 0% used [0x0000000715b80000,0x0000000715b80000,0x000000071dc00000)
  from space 21504K, 0% used [0x000000071dc00000,0x000000071dc00000,0x000000071f100000)
  to   space 21504K, 0% used [0x000000071f100000,0x000000071f100000,0x0000000720600000)
 ParOldGen       total 143360K, used 11390K [0x00000005c1200000, 0x00000005c9e00000, 0x0000000715b80000)
  object space 143360K, 7% used [0x00000005c1200000,0x00000005c1d1f928,0x00000005c9e00000)
 Metaspace       used 20551K, capacity 21176K, committed 21248K, reserved 1067008K
  class space    used 2886K, capacity 3053K, committed 3072K, reserved 1048576K
}

Deoptimization events (10 events):
Event: 3.196 Thread 0x00000000295ff000 Uncommon trap: reason=unstable_if action=reinterpret pc=0x00000000034272f4 method=java.lang.String.regionMatches(ZILjava/lang/String;II)Z @ 123
Event: 3.222 Thread 0x00000000295ff000 Uncommon trap: reason=unstable_if action=reinterpret pc=0x00000000034627ec method=java.lang.ClassLoader.checkName(Ljava/lang/String;)Z @ 20
Event: 3.255 Thread 0x00000000295ff000 Uncommon trap: reason=unstable_if action=reinterpret pc=0x0000000003230300 method=java.lang.CharacterData.of(I)Ljava/lang/CharacterData; @ 4
Event: 4.846 Thread 0x00000000295ff000 Uncommon trap: reason=unstable_if action=reinterpret pc=0x000000000345e228 method=jdk.internal.org.objectweb.asm.Type.getArgumentsAndReturnSizes(Ljava/lang/String;)I @ 47
Event: 11.704 Thread 0x00000000295ff000 Uncommon trap: reason=unstable_if action=reinterpret pc=0x00000000033d90c8 method=com.sun.javafx.image.impl.ByteBgra$ToByteBgraPreConv.doConvert([BII[BIIII)V @ 31
Event: 11.705 Thread 0x00000000295ff000 Uncommon trap: reason=unstable_if action=reinterpret pc=0x00000000033e0ebc method=com.sun.javafx.image.impl.BaseByteToByteConverter$FourByteReorderer.doConvert([BII[BIIII)V @ 31
Event: 11.709 Thread 0x00000000295ff000 Uncommon trap: reason=unstable_if action=reinterpret pc=0x00000000034b91dc method=java.lang.ref.ReferenceQueue.poll()Ljava/lang/ref/Reference; @ 4
Event: 16.650 Thread 0x00000000295ff000 Uncommon trap: reason=unstable_if action=reinterpret pc=0x000000000362f2cc method=java.util.concurrent.locks.ReentrantLock$NonfairSync.lock()V @ 6
Event: 16.650 Thread 0x00000000295ff000 Uncommon trap: reason=unstable_if action=reinterpret pc=0x00000000035b8818 method=java.util.concurrent.locks.ReentrantLock$Sync.nonfairTryAcquire(I)Z @ 10
Event: 16.650 Thread 0x00000000295ff000 Uncommon trap: reason=unstable_if action=reinterpret pc=0x0000000003595a78 method=java.util.concurrent.locks.ReentrantLock$Sync.tryRelease(I)Z @ 28

Classes redefined (0 events):
No events

Internal exceptions (10 events):
Event: 3.062 Thread 0x00000000295ff000 Exception <a 'java/io/FileNotFoundException'> (0x000000071958b058) thrown at [C:\re\workspace\8-2-build-windows-amd64-cygwin\jdk8u181\11358\hotspot\src\share\vm\prims\jni.cpp, line 709]
Event: 3.064 Thread 0x00000000295ff000 Exception <a 'java/io/FileNotFoundException'> (0x0000000719598390) thrown at [C:\re\workspace\8-2-build-windows-amd64-cygwin\jdk8u181\11358\hotspot\src\share\vm\prims\jni.cpp, line 709]
Event: 3.064 Thread 0x00000000295ff000 Exception <a 'java/io/FileNotFoundException'> (0x0000000719599648) thrown at [C:\re\workspace\8-2-build-windows-amd64-cygwin\jdk8u181\11358\hotspot\src\share\vm\prims\jni.cpp, line 709]
Event: 3.067 Thread 0x00000000295ff000 Exception <a 'java/io/FileNotFoundException'> (0x00000007195aa158) thrown at [C:\re\workspace\8-2-build-windows-amd64-cygwin\jdk8u181\11358\hotspot\src\share\vm\prims\jni.cpp, line 709]
Event: 3.070 Thread 0x00000000295ff000 Exception <a 'java/io/FileNotFoundException'> (0x00000007195bba78) thrown at [C:\re\workspace\8-2-build-windows-amd64-cygwin\jdk8u181\11358\hotspot\src\share\vm\prims\jni.cpp, line 709]
Event: 3.070 Thread 0x00000000295ff000 Exception <a 'java/io/FileNotFoundException'> (0x00000007195bee48) thrown at [C:\re\workspace\8-2-build-windows-amd64-cygwin\jdk8u181\11358\hotspot\src\share\vm\prims\jni.cpp, line 709]
Event: 3.070 Thread 0x00000000295ff000 Exception <a 'java/io/FileNotFoundException'> (0x00000007195c2068) thrown at [C:\re\workspace\8-2-build-windows-amd64-cygwin\jdk8u181\11358\hotspot\src\share\vm\prims\jni.cpp, line 709]
Event: 3.073 Thread 0x00000000295ff000 Exception <a 'java/io/FileNotFoundException'> (0x00000007195d3940) thrown at [C:\re\workspace\8-2-build-windows-amd64-cygwin\jdk8u181\11358\hotspot\src\share\vm\prims\jni.cpp, line 709]
Event: 3.092 Thread 0x00000000295ff000 Implicit null exception at 0x00000000034284f5 to 0x0000000003428725
Event: 3.092 Thread 0x00000000295ff000 Implicit null exception at 0x000000000344503b to 0x000000000344550d

Events (10 events):
Event: 16.658 Thread 0x0000000029749800 Thread exited: 0x0000000029749800
Event: 16.659 loading class java/lang/ProcessBuilder done
Event: 16.659 loading class java/lang/ProcessImpl
Event: 16.659 loading class java/lang/Process
Event: 16.659 loading class java/lang/Process done
Event: 16.659 loading class java/lang/ProcessImpl done
Event: 16.664 loading class java/lang/ProcessImpl$2
Event: 16.664 loading class java/lang/ProcessImpl$2 done
Event: 16.665 Thread 0x00000000297ae800 Thread exited: 0x00000000297ae800
Event: 16.667 Thread 0x00000000295e2000 Thread exited: 0x00000000295e2000


Dynamic libraries:
0x00007ff6d6510000 - 0x00007ff6d6547000 	C:\Program Files\Java\jre1.8.0_181\bin\javaw.exe
0x00007ffb72340000 - 0x00007ffb72521000 	C:\WINDOWS\SYSTEM32\ntdll.dll
0x00007ffb70020000 - 0x00007ffb700d2000 	C:\WINDOWS\System32\KERNEL32.DLL
0x00007ffb6f260000 - 0x00007ffb6f4d3000 	C:\WINDOWS\System32\KERNELBASE.dll
0x00007ffb71b20000 - 0x00007ffb71bc1000 	C:\WINDOWS\System32\ADVAPI32.dll
0x00007ffb6ff80000 - 0x00007ffb7001e000 	C:\WINDOWS\System32\msvcrt.dll
0x00007ffb702f0000 - 0x00007ffb7034b000 	C:\WINDOWS\System32\sechost.dll
0x00007ffb71cc0000 - 0x00007ffb71de4000 	C:\WINDOWS\System32\RPCRT4.dll
0x00007ffb6fb80000 - 0x00007ffb6fd10000 	C:\WINDOWS\System32\USER32.dll
0x00007ffb6e7c0000 - 0x00007ffb6e7e0000 	C:\WINDOWS\System32\win32u.dll
0x00007ffb722e0000 - 0x00007ffb72308000 	C:\WINDOWS\System32\GDI32.dll
0x00007ffb6e860000 - 0x00007ffb6e9f2000 	C:\WINDOWS\System32\gdi32full.dll
0x00007ffb6f6d0000 - 0x00007ffb6f76f000 	C:\WINDOWS\System32\msvcp_win.dll
0x00007ffb6ea00000 - 0x00007ffb6eafa000 	C:\WINDOWS\System32\ucrtbase.dll
0x00007ffb5cf80000 - 0x00007ffb5d1e9000 	C:\WINDOWS\WinSxS\amd64_microsoft.windows.common-controls_6595b64144ccf1df_6.0.17134.590_none_fb3d9bff3069e088\COMCTL32.dll
0x00007ffb6f7d0000 - 0x00007ffb6faf2000 	C:\WINDOWS\System32\combase.dll
0x00007ffb6e7e0000 - 0x00007ffb6e85a000 	C:\WINDOWS\System32\bcryptPrimitives.dll
0x00007ffb71820000 - 0x00007ffb7184d000 	C:\WINDOWS\System32\IMM32.DLL
0x000000006cee0000 - 0x000000006cfb2000 	C:\Program Files\Java\jre1.8.0_181\bin\msvcr100.dll
0x000000006d080000 - 0x000000006d922000 	C:\Program Files\Java\jre1.8.0_181\bin\server\jvm.dll
0x00007ffb71810000 - 0x00007ffb71818000 	C:\WINDOWS\System32\PSAPI.DLL
0x00007ffb63560000 - 0x00007ffb63583000 	C:\WINDOWS\SYSTEM32\WINMM.dll
0x00007ffb684e0000 - 0x00007ffb684ea000 	C:\WINDOWS\SYSTEM32\VERSION.dll
0x00007ffb634e0000 - 0x00007ffb6350a000 	C:\WINDOWS\SYSTEM32\WINMMBASE.dll
0x00007ffb6eb00000 - 0x00007ffb6eb49000 	C:\WINDOWS\System32\cfgmgr32.dll
0x00007ffb5f8d0000 - 0x00007ffb5f8d9000 	C:\WINDOWS\SYSTEM32\WSOCK32.dll
0x00007ffb6fb10000 - 0x00007ffb6fb7c000 	C:\WINDOWS\System32\ws2_32.DLL
0x000000006f930000 - 0x000000006f93f000 	C:\Program Files\Java\jre1.8.0_181\bin\verify.dll
0x000000006d050000 - 0x000000006d079000 	C:\Program Files\Java\jre1.8.0_181\bin\java.dll
0x000000006f910000 - 0x000000006f926000 	C:\Program Files\Java\jre1.8.0_181\bin\zip.dll
0x00007ffb70350000 - 0x00007ffb71790000 	C:\WINDOWS\System32\SHELL32.dll
0x00007ffb700e0000 - 0x00007ffb70189000 	C:\WINDOWS\System32\shcore.dll
0x00007ffb6eb50000 - 0x00007ffb6f25d000 	C:\WINDOWS\System32\windows.storage.dll
0x00007ffb6feb0000 - 0x00007ffb6ff01000 	C:\WINDOWS\System32\shlwapi.dll
0x00007ffb6e6f0000 - 0x00007ffb6e701000 	C:\WINDOWS\System32\kernel.appcore.dll
0x00007ffb6e650000 - 0x00007ffb6e66f000 	C:\WINDOWS\System32\profapi.dll
0x00007ffb6e6a0000 - 0x00007ffb6e6ec000 	C:\WINDOWS\System32\powrprof.dll
0x00007ffb6e670000 - 0x00007ffb6e67a000 	C:\WINDOWS\System32\FLTLIB.DLL
0x0000000002e70000 - 0x0000000002e73000 	C:\Program Files\Java\jre1.8.0_181\bin\api-ms-win-core-console-l1-1-0.dll
0x0000000002e80000 - 0x0000000002e83000 	C:\Program Files\Java\jre1.8.0_181\bin\api-ms-win-core-datetime-l1-1-0.dll
0x0000000002e90000 - 0x0000000002e93000 	C:\Program Files\Java\jre1.8.0_181\bin\api-ms-win-core-debug-l1-1-0.dll
0x0000000002ea0000 - 0x0000000002ea3000 	C:\Program Files\Java\jre1.8.0_181\bin\api-ms-win-core-errorhandling-l1-1-0.dll
0x0000000002eb0000 - 0x0000000002eb4000 	C:\Program Files\Java\jre1.8.0_181\bin\api-ms-win-core-file-l1-1-0.dll
0x0000000002ec0000 - 0x0000000002ec3000 	C:\Program Files\Java\jre1.8.0_181\bin\api-ms-win-core-file-l1-2-0.dll
0x0000000002ed0000 - 0x0000000002ed3000 	C:\Program Files\Java\jre1.8.0_181\bin\api-ms-win-core-file-l2-1-0.dll
0x0000000002ee0000 - 0x0000000002ee3000 	C:\Program Files\Java\jre1.8.0_181\bin\api-ms-win-core-handle-l1-1-0.dll
0x0000000002ef0000 - 0x0000000002ef3000 	C:\Program Files\Java\jre1.8.0_181\bin\api-ms-win-core-heap-l1-1-0.dll
0x0000000002f00000 - 0x0000000002f03000 	C:\Program Files\Java\jre1.8.0_181\bin\api-ms-win-core-interlocked-l1-1-0.dll
0x0000000002f10000 - 0x0000000002f13000 	C:\Program Files\Java\jre1.8.0_181\bin\api-ms-win-core-libraryloader-l1-1-0.dll
0x0000000002f20000 - 0x0000000002f23000 	C:\Program Files\Java\jre1.8.0_181\bin\api-ms-win-core-localization-l1-2-0.dll
0x0000000029d30000 - 0x0000000029d33000 	C:\Program Files\Java\jre1.8.0_181\bin\api-ms-win-core-memory-l1-1-0.dll
0x0000000029d40000 - 0x0000000029d43000 	C:\Program Files\Java\jre1.8.0_181\bin\api-ms-win-core-namedpipe-l1-1-0.dll
0x0000000029d50000 - 0x0000000029d53000 	C:\Program Files\Java\jre1.8.0_181\bin\api-ms-win-core-processenvironment-l1-1-0.dll
0x0000000029d60000 - 0x0000000029d63000 	C:\Program Files\Java\jre1.8.0_181\bin\api-ms-win-core-processthreads-l1-1-0.dll
0x0000000029d70000 - 0x0000000029d73000 	C:\Program Files\Java\jre1.8.0_181\bin\api-ms-win-core-processthreads-l1-1-1.dll
0x0000000029d80000 - 0x0000000029d83000 	C:\Program Files\Java\jre1.8.0_181\bin\api-ms-win-core-profile-l1-1-0.dll
0x0000000029d90000 - 0x0000000029d93000 	C:\Program Files\Java\jre1.8.0_181\bin\api-ms-win-core-rtlsupport-l1-1-0.dll
0x0000000029da0000 - 0x0000000029da3000 	C:\Program Files\Java\jre1.8.0_181\bin\api-ms-win-core-string-l1-1-0.dll
0x0000000029db0000 - 0x0000000029db3000 	C:\Program Files\Java\jre1.8.0_181\bin\api-ms-win-core-synch-l1-1-0.dll
0x0000000029dc0000 - 0x0000000029dc3000 	C:\Program Files\Java\jre1.8.0_181\bin\api-ms-win-core-synch-l1-2-0.dll
0x0000000029dd0000 - 0x0000000029dd3000 	C:\Program Files\Java\jre1.8.0_181\bin\api-ms-win-core-sysinfo-l1-1-0.dll
0x0000000029de0000 - 0x0000000029de3000 	C:\Program Files\Java\jre1.8.0_181\bin\api-ms-win-core-timezone-l1-1-0.dll
0x0000000029df0000 - 0x0000000029df3000 	C:\Program Files\Java\jre1.8.0_181\bin\api-ms-win-core-util-l1-1-0.dll
0x0000000029e00000 - 0x0000000029e03000 	C:\Program Files\Java\jre1.8.0_181\bin\api-ms-win-crt-conio-l1-1-0.dll
0x0000000029e10000 - 0x0000000029e14000 	C:\Program Files\Java\jre1.8.0_181\bin\api-ms-win-crt-convert-l1-1-0.dll
0x0000000029e20000 - 0x0000000029e23000 	C:\Program Files\Java\jre1.8.0_181\bin\api-ms-win-crt-environment-l1-1-0.dll
0x0000000029e30000 - 0x0000000029e33000 	C:\Program Files\Java\jre1.8.0_181\bin\api-ms-win-crt-filesystem-l1-1-0.dll
0x0000000029e40000 - 0x0000000029e43000 	C:\Program Files\Java\jre1.8.0_181\bin\api-ms-win-crt-heap-l1-1-0.dll
0x0000000029e50000 - 0x0000000029e53000 	C:\Program Files\Java\jre1.8.0_181\bin\api-ms-win-crt-locale-l1-1-0.dll
0x0000000029e60000 - 0x0000000029e65000 	C:\Program Files\Java\jre1.8.0_181\bin\api-ms-win-crt-math-l1-1-0.dll
0x0000000029e70000 - 0x0000000029e75000 	C:\Program Files\Java\jre1.8.0_181\bin\api-ms-win-crt-multibyte-l1-1-0.dll
0x0000000029e80000 - 0x0000000029e90000 	C:\Program Files\Java\jre1.8.0_181\bin\api-ms-win-crt-private-l1-1-0.dll
0x0000000029e90000 - 0x0000000029e93000 	C:\Program Files\Java\jre1.8.0_181\bin\api-ms-win-crt-process-l1-1-0.dll
0x0000000029ea0000 - 0x0000000029ea4000 	C:\Program Files\Java\jre1.8.0_181\bin\api-ms-win-crt-runtime-l1-1-0.dll
0x0000000029eb0000 - 0x0000000029eb4000 	C:\Program Files\Java\jre1.8.0_181\bin\api-ms-win-crt-stdio-l1-1-0.dll
0x0000000029ec0000 - 0x0000000029ec4000 	C:\Program Files\Java\jre1.8.0_181\bin\api-ms-win-crt-string-l1-1-0.dll
0x0000000029ed0000 - 0x0000000029ed3000 	C:\Program Files\Java\jre1.8.0_181\bin\api-ms-win-crt-time-l1-1-0.dll
0x0000000029ee0000 - 0x0000000029ee3000 	C:\Program Files\Java\jre1.8.0_181\bin\api-ms-win-crt-utility-l1-1-0.dll
0x00007ffb3f210000 - 0x00007ffb3f306000 	C:\Program Files\Java\jre1.8.0_181\bin\ucrtbase.dll
0x00007ffb65cf0000 - 0x00007ffb65d06000 	C:\Program Files\Java\jre1.8.0_181\bin\vcruntime140.dll
0x00007ffb3f0a0000 - 0x00007ffb3f13c000 	C:\Program Files\Java\jre1.8.0_181\bin\msvcp140.dll
0x00007ffb57950000 - 0x00007ffb579a1000 	C:\Program Files\Java\jre1.8.0_181\bin\concrt140.dll
0x000000006ceb0000 - 0x000000006ced3000 	C:\Program Files\Java\jre1.8.0_181\bin\prism_d3d.dll
0x00007ffb4e840000 - 0x00007ffb4e9d7000 	C:\WINDOWS\system32\d3d9.dll
0x00007ffb6ce40000 - 0x00007ffb6ce69000 	C:\WINDOWS\SYSTEM32\dwmapi.dll
0x00007ffb6cd10000 - 0x00007ffb6cda8000 	C:\WINDOWS\system32\uxtheme.dll
0x00007ffb6f4e0000 - 0x00007ffb6f6c2000 	C:\WINDOWS\System32\crypt32.dll
0x00007ffb6e680000 - 0x00007ffb6e692000 	C:\WINDOWS\System32\MSASN1.dll
0x00007ffb6f770000 - 0x00007ffb6f7c7000 	C:\WINDOWS\System32\WINTRUST.DLL
0x00007ffb71a30000 - 0x00007ffb71a4d000 	C:\WINDOWS\System32\imagehlp.dll
0x00007ffb6e080000 - 0x00007ffb6e097000 	C:\WINDOWS\SYSTEM32\CRYPTSP.dll
0x00007ffb6dab0000 - 0x00007ffb6dae3000 	C:\WINDOWS\system32\rsaenh.dll
0x00007ffb6e1b0000 - 0x00007ffb6e1d5000 	C:\WINDOWS\SYSTEM32\bcrypt.dll
0x00007ffb6e0a0000 - 0x00007ffb6e0ab000 	C:\WINDOWS\SYSTEM32\CRYPTBASE.dll
0x000000006ce60000 - 0x000000006cea9000 	C:\Program Files\Java\jre1.8.0_181\bin\glass.dll
0x00007ffb71bd0000 - 0x00007ffb71cbd000 	C:\WINDOWS\System32\COMDLG32.dll
0x00007ffb70190000 - 0x00007ffb702e1000 	C:\WINDOWS\System32\ole32.dll
0x00007ffb71a50000 - 0x00007ffb71b13000 	C:\WINDOWS\System32\OLEAUT32.dll
0x00007ffb718b0000 - 0x00007ffb71a23000 	C:\WINDOWS\System32\MSCTF.dll
0x00007ffb4ecd0000 - 0x00007ffb4ed94000 	C:\Program Files (x86)\NVIDIA Corporation\3D Vision\nvSCPAPI64.dll
0x00007ffb71df0000 - 0x00007ffb7223b000 	C:\WINDOWS\System32\SETUPAPI.dll
0x00007ffb1ca40000 - 0x00007ffb1cce7000 	C:\WINDOWS\system32\nvspcap64.dll
0x00007ffb64290000 - 0x00007ffb64459000 	C:\WINDOWS\SYSTEM32\dbghelp.dll
0x00007ffb5da00000 - 0x00007ffb5da29000 	C:\WINDOWS\SYSTEM32\dbgcore.DLL
0x00007ffb6d740000 - 0x00007ffb6d771000 	C:\WINDOWS\SYSTEM32\ntmarta.dll
0x00007ffb6d390000 - 0x00007ffb6d3b2000 	C:\WINDOWS\SYSTEM32\gpapi.dll
0x00007ffb67d00000 - 0x00007ffb67d2e000 	C:\WINDOWS\SYSTEM32\cryptnet.dll
0x000000006ccc0000 - 0x000000006ce59000 	C:\Program Files\Java\jre1.8.0_181\bin\awt.dll
0x00007ffb6c9e0000 - 0x00007ffb6ca6b000 	C:\WINDOWS\SYSTEM32\apphelp.dll
0x00007ffb6e580000 - 0x00007ffb6e5a8000 	C:\WINDOWS\SYSTEM32\USERENV.dll
0x000000006d030000 - 0x000000006d04a000 	C:\Program Files\Java\jre1.8.0_181\bin\net.dll
0x00007ffb6ded0000 - 0x00007ffb6df36000 	C:\WINDOWS\system32\mswsock.dll
0x00007ffb6dc50000 - 0x00007ffb6dc88000 	C:\WINDOWS\SYSTEM32\IPHLPAPI.DLL
0x00007ffb6fb00000 - 0x00007ffb6fb08000 	C:\WINDOWS\System32\NSI.dll
0x00007ffb68920000 - 0x00007ffb68936000 	C:\WINDOWS\SYSTEM32\dhcpcsvc6.DLL
0x00007ffb68870000 - 0x00007ffb6888a000 	C:\WINDOWS\SYSTEM32\dhcpcsvc.DLL
0x000000006d010000 - 0x000000006d021000 	C:\Program Files\Java\jre1.8.0_181\bin\nio.dll
0x0000000180000000 - 0x0000000180037000 	C:\Users\TOFI\AppData\Local\Temp\jna2858762346844999888.dll
0x00007ffb6d380000 - 0x00007ffb6d38c000 	C:\WINDOWS\SYSTEM32\hid.dll
0x00007ffb6e460000 - 0x00007ffb6e487000 	C:\WINDOWS\SYSTEM32\DEVOBJ.dll
0x000000006cca0000 - 0x000000006ccb4000 	C:\Program Files\Java\jre1.8.0_181\bin\javafx_font.dll
0x00007ffb49150000 - 0x00007ffb4946c000 	C:\WINDOWS\SYSTEM32\dwrite.dll
0x00007ffb72240000 - 0x00007ffb722e0000 	C:\WINDOWS\System32\clbcatq.dll
0x00007ffb62de0000 - 0x00007ffb62f8e000 	C:\WINDOWS\SYSTEM32\WindowsCodecs.dll
0x00007ffb4c0a0000 - 0x00007ffb4c136000 	C:\WINDOWS\System32\TextInputFramework.dll
0x00007ffb514f0000 - 0x00007ffb5180e000 	C:\WINDOWS\System32\CoreUIComponents.dll
0x00007ffb6c7d0000 - 0x00007ffb6c8aa000 	C:\WINDOWS\System32\CoreMessaging.dll
0x00007ffb6ac10000 - 0x00007ffb6ad5d000 	C:\WINDOWS\SYSTEM32\wintypes.dll

VM Arguments:
jvm_args: -Dfile.encoding=Cp1252 
java_command: Main
java_class_path (initial): C:\Users\TOFI\git\Task2\Task-2\bin;C:\Users\TOFI\git\Task2\Task-2\src\finch.jar
Launcher Type: SUN_STANDARD

Environment Variables:
PATH=C:/Program Files/Java/jre1.8.0_181/bin/server;C:/Program Files/Java/jre1.8.0_181/bin;C:/Program Files/Java/jre1.8.0_181/lib/amd64;C:\Program Files (x86)\Common Files\Oracle\Java\javapath;C:\Windows\system32;C:\Windows;C:\Windows\System32\Wbem;C:\Windows\System32\WindowsPowerShell\v1.0\;C:\Program Files\dotnet\;C:\Program Files (x86)\NVIDIA Corporation\PhysX\Common;C:\WINDOWS\system32;C:\WINDOWS;C:\WINDOWS\System32\Wbem;C:\WINDOWS\System32\WindowsPowerShell\v1.0\;C:\WINDOWS\System32\OpenSSH\;C:\Program Files\NVIDIA Corporation\NVIDIA NvDLISR;C:\Users\TOFI\AppData\Local\Microsoft\WindowsApps;C:\Users\TOFI\AppData\Local\atom\bin;%USERPROFILE%\AppData\Local\Microsoft\WindowsApps;;C:\WINDOWS\system32;
USERNAME=TOFI
OS=Windows_NT
PROCESSOR_IDENTIFIER=Intel64 Family 6 Model 158 Stepping 10, GenuineIntel



---------------  S Y S T E M  ---------------

OS: Windows 10.0 , 64 bit Build 17134 (10.0.17134.556)

CPU:total 12 (initial active 12) (6 cores per cpu, 2 threads per core) family 6 model 158 stepping 10, cmov, cx8, fxsr, mmx, sse, sse2, sse3, ssse3, sse4.1, sse4.2, popcnt, avx, avx2, aes, clmul, erms, rtm, 3dnowpref, lzcnt, ht, tsc, tscinvbit, bmi1, bmi2, adx

Memory: 4k page, physical 33476848k(19373252k free), swap 39506160k(12975704k free)

vm_info: Java HotSpot(TM) 64-Bit Server VM (25.181-b13) for windows-amd64 JRE (1.8.0_181-b13), built on Jul  7 2018 04:01:33 by "java_re" with MS VC++ 10.0 (VS2010)

time: Mon Feb 18 22:13:05 2019
elapsed time: 16 seconds (0d 0h 0m 16s)

